2020-01-12 00:37:09,632 - WARNING - 295 : XGBoost is included in recommended algorithms list but not installed locally. If you would like to include XGBoost models in the recommended algorithms please install XGBoost locally. Adding XGBoost to the blacklist.
2020-01-12 00:37:09,655 - INFO - 295 : Starting usage telemetry collection
2020-01-12 00:37:12,092 - INFO - 295 : Package azureml-train-automl missing from dependencies file.
2020-01-12 00:37:12,093 - INFO - 295 : Using installed version: azureml-train-automl==1.0.76
2020-01-12 00:37:12,093 - INFO - 295 : Package azureml-explain-model missing from dependencies file.
2020-01-12 00:37:12,093 - INFO - 295 : Using installed version: azureml-explain-model==1.0.76
2020-01-12 00:37:12,094 - INFO - 295 : Package azureml-dataprep missing from dependencies file.
2020-01-12 00:37:12,094 - INFO - 295 : Using installed version: azureml-dataprep==1.1.31
2020-01-12 00:37:12,094 - INFO - 295 : Package numpy missing from dependencies file.
2020-01-12 00:37:12,094 - INFO - 295 : Using installed version: numpy==1.16.2
2020-01-12 00:37:12,095 - INFO - 295 : Package py-xgboost missing from dependencies file.
2020-01-12 00:37:12,095 - INFO - 295 : Using pinned version: py-xgboost<=0.80
2020-01-12 00:37:12,095 - INFO - 295 : Package inference-schema missing from dependencies file.
2020-01-12 00:37:12,095 - INFO - 295 : Package fbprophet missing from dependencies file.
2020-01-12 00:37:12,096 - INFO - 295 : Package setuptools-git missing from dependencies file.
2020-01-12 00:37:14,346 - INFO - 295 : Validation service found the data has no errors.
2020-01-12 00:37:14,346 - INFO - 295 : Start creating parent run with DTO:  - name: classif-automl-remote-01-12-2020-00
 - subscription_id: 102a16c3-37d3-48a8-9237-4c9b1e8e80e0
 - region: northcentralus
 - spark_context: None
 - spark_service: None
 - azure_service: None
 - iterations: 1000
 - primary_metric: accuracy
 - task_type: classification
 - validation_size: 0.0
 - n_cross_validations: 5
 - y_min: None
 - y_max: None
 - num_classes: None
 - featurization: auto
 - preprocess: True
 - lag_length: 0
 - is_timeseries: False
 - max_cores_per_iteration: 1
 - max_concurrent_iterations: 1
 - iteration_timeout_minutes: None
 - mem_in_mb: None
 - enforce_time_on_windows: False
 - experiment_timeout_minutes: None
 - experiment_exit_score: None
 - whitelist_models: None
 - blacklist_algos: ['XGBoostClassifier', 'Prophet']
 - supported_models: ['LightGBM', 'MultinomialNaiveBayes', 'SGD', 'XGBoostClassifier', 'TensorFlowDNN', 'RandomForest', 'LogisticRegression', 'BernoulliNaiveBayes', 'SVM', 'GradientBoosting', 'LinearSVM', 'AveragedPerceptronClassifier', 'TensorFlowLinearClassifier', 'ExtremeRandomTrees', 'KNN', 'DecisionTree', 'LinearSVMClassifier']
 - auto_blacklist: True
 - blacklist_samples_reached: False
 - exclude_nan_labels: True
 - verbosity: 20
 - show_warnings: False
 - model_explainability: False
 - service_url: None
 - sdk_url: None
 - sdk_packages: None
 - enable_onnx_compatible_models: False
 - enable_split_onnx_featurizer_estimator_models: False
 - vm_type: STANDARD_D13_V2
 - telemetry_verbosity: NOTSET
 - send_telemetry: False
 - enable_dnn: False
 - enable_feature_sweeping: True
 - enable_early_stopping: True
 - early_stopping_n_iters: 10
 - metrics: None
 - enable_ensembling: True
 - enable_stack_ensembling: True
 - ensemble_iterations: 15
 - enable_tf: False
 - enable_cache: True
 - enable_subsampling: None
 - subsample_seed: None
 - enable_nimbusml: False
 - enable_streaming: False
 - label_column_name: Attrition
 - weight_column_name: None
 - cost_mode: 0
 - metric_operation: maximize.
2020-01-12 00:37:15,436 - INFO - 295 : [ParentRunID:AutoML_fda948d2-ad44-42b0-b8c7-7e3aaf0f8f8b] Remote run using input X and y.
2020-01-12 00:37:15,715 - INFO - 295 : [RunId:AutoML_fda948d2-ad44-42b0-b8c7-7e3aaf0f8f8b]SDK dependencies versions:{"azureml-widgets": "1.0.76", "azureml-train": "1.0.76", "azureml-train-restclients-hyperdrive": "1.0.76", "azureml-train-core": "1.0.76", "azureml-train-automl": "1.0.76", "azureml-train-automl-runtime": "1.0.76.1", "azureml-train-automl-client": "1.0.76", "azureml-tensorboard": "1.0.76", "azureml-telemetry": "1.0.76", "azureml-sdk": "1.0.76", "azureml-samples": "0+unknown", "azureml-pipeline": "1.0.76", "azureml-pipeline-steps": "1.0.76", "azureml-pipeline-core": "1.0.76", "azureml-opendatasets": "1.0.76", "azureml-model-management-sdk": "1.0.1b6.post1", "azureml-mlflow": "1.0.76", "azureml-interpret": "1.0.76", "azureml-explain-model": "1.0.76", "azureml-defaults": "1.0.76", "azureml-dataprep": "1.1.31", "azureml-dataprep-native": "13.1.0", "azureml-datadrift": "1.0.76", "azureml-core": "1.0.76", "azureml-contrib-services": "1.0.76", "azureml-contrib-server": "1.0.76", "azureml-contrib-reinforcementlearning": "1.0.76", "azureml-contrib-pipeline-steps": "1.0.76", "azureml-contrib-notebook": "1.0.76", "azureml-contrib-interpret": "1.0.76", "azureml-contrib-datadrift": "1.0.76", "azureml-automl-runtime": "1.0.76.1", "azureml-automl-core": "1.0.76"}.
2020-01-12 00:37:15,811 - INFO - 295 : Parent Run ID: AutoML_fda948d2-ad44-42b0-b8c7-7e3aaf0f8f8b
2020-01-12 00:37:15,811 - INFO - 295 : Snapshotted folder: None with snapshot_id: 
2020-01-12 00:37:15,812 - INFO - 295 : Starting a snapshot run (snapshotId : )
2020-01-12 00:37:19,656 - INFO - 295 : memory usage 385388
2020-01-12 00:37:19,656 - INFO - 295 : child memory usage 81616
2020-01-12 00:37:19,656 - INFO - 295 : cpu time 5.443325
2020-01-12 00:37:19,657 - INFO - 295 : child cpu time 0.067841
2020-01-12 00:37:29,658 - INFO - 295 : memory usage 385396
2020-01-12 00:37:29,658 - INFO - 295 : child memory usage 81616
2020-01-12 00:37:29,658 - INFO - 295 : cpu time 5.47781
2020-01-12 00:37:29,658 - INFO - 295 : child cpu time 0.067841
2020-01-12 00:37:39,659 - INFO - 295 : memory usage 385656
2020-01-12 00:37:39,659 - INFO - 295 : child memory usage 81616
2020-01-12 00:37:39,659 - INFO - 295 : cpu time 5.50781
2020-01-12 00:37:39,659 - INFO - 295 : child cpu time 0.067841
2020-01-12 00:37:49,660 - INFO - 295 : memory usage 385656
2020-01-12 00:37:49,660 - INFO - 295 : child memory usage 81616
2020-01-12 00:37:49,660 - INFO - 295 : cpu time 5.540432
2020-01-12 00:37:49,660 - INFO - 295 : child cpu time 0.067841
2020-01-12 00:37:59,661 - INFO - 295 : memory usage 385732
2020-01-12 00:37:59,661 - INFO - 295 : child memory usage 81616
2020-01-12 00:37:59,661 - INFO - 295 : cpu time 5.573984
2020-01-12 00:37:59,661 - INFO - 295 : child cpu time 0.067841
2020-01-12 00:38:09,662 - INFO - 295 : memory usage 385732
2020-01-12 00:38:09,662 - INFO - 295 : child memory usage 81616
2020-01-12 00:38:09,663 - INFO - 295 : cpu time 5.604207
2020-01-12 00:38:09,663 - INFO - 295 : child cpu time 0.067841
2020-01-12 00:38:19,663 - INFO - 295 : memory usage 385732
2020-01-12 00:38:19,664 - INFO - 295 : child memory usage 81616
2020-01-12 00:38:19,664 - INFO - 295 : cpu time 5.6356079999999995
2020-01-12 00:38:19,664 - INFO - 295 : child cpu time 0.067841
2020-01-12 00:38:29,664 - INFO - 295 : memory usage 385732
2020-01-12 00:38:29,665 - INFO - 295 : child memory usage 81616
2020-01-12 00:38:29,665 - INFO - 295 : cpu time 5.659791
2020-01-12 00:38:29,665 - INFO - 295 : child cpu time 0.067841
2020-01-12 00:38:39,666 - INFO - 295 : memory usage 385736
2020-01-12 00:38:39,666 - INFO - 295 : child memory usage 81616
2020-01-12 00:38:39,666 - INFO - 295 : cpu time 5.688588
2020-01-12 00:38:39,666 - INFO - 295 : child cpu time 0.067841
2020-01-12 00:38:49,667 - INFO - 295 : memory usage 385736
2020-01-12 00:38:49,667 - INFO - 295 : child memory usage 81616
2020-01-12 00:38:49,667 - INFO - 295 : cpu time 5.719412
2020-01-12 00:38:49,667 - INFO - 295 : child cpu time 0.067841
2020-01-12 00:38:59,668 - INFO - 295 : memory usage 385740
2020-01-12 00:38:59,668 - INFO - 295 : child memory usage 81616
2020-01-12 00:38:59,668 - INFO - 295 : cpu time 5.74994
2020-01-12 00:38:59,668 - INFO - 295 : child cpu time 0.067841
2020-01-12 00:39:09,669 - INFO - 295 : memory usage 385744
2020-01-12 00:39:09,669 - INFO - 295 : child memory usage 81616
2020-01-12 00:39:09,669 - INFO - 295 : cpu time 5.780598
2020-01-12 00:39:09,669 - INFO - 295 : child cpu time 0.067841
2020-01-12 00:39:19,670 - INFO - 295 : memory usage 385744
2020-01-12 00:39:19,670 - INFO - 295 : child memory usage 81616
2020-01-12 00:39:19,670 - INFO - 295 : cpu time 5.816037
2020-01-12 00:39:19,670 - INFO - 295 : child cpu time 0.067841
2020-01-12 00:39:29,671 - INFO - 295 : memory usage 385744
2020-01-12 00:39:29,671 - INFO - 295 : child memory usage 81616
2020-01-12 00:39:29,671 - INFO - 295 : cpu time 5.831176
2020-01-12 00:39:29,671 - INFO - 295 : child cpu time 0.067841
2020-01-12 00:39:39,672 - INFO - 295 : memory usage 385744
2020-01-12 00:39:39,672 - INFO - 295 : child memory usage 81616
2020-01-12 00:39:39,672 - INFO - 295 : cpu time 5.8549869999999995
2020-01-12 00:39:39,673 - INFO - 295 : child cpu time 0.067841
2020-01-12 00:39:49,673 - INFO - 295 : memory usage 385744
2020-01-12 00:39:49,673 - INFO - 295 : child memory usage 81616
2020-01-12 00:39:49,674 - INFO - 295 : cpu time 5.888081
2020-01-12 00:39:49,674 - INFO - 295 : child cpu time 0.067841
2020-01-12 00:39:59,674 - INFO - 295 : memory usage 385744
2020-01-12 00:39:59,675 - INFO - 295 : child memory usage 81616
2020-01-12 00:39:59,675 - INFO - 295 : cpu time 5.921793
2020-01-12 00:39:59,675 - INFO - 295 : child cpu time 0.067841
2020-01-12 00:40:09,676 - INFO - 295 : memory usage 385744
2020-01-12 00:40:09,676 - INFO - 295 : child memory usage 81616
2020-01-12 00:40:09,676 - INFO - 295 : cpu time 5.957783
2020-01-12 00:40:09,676 - INFO - 295 : child cpu time 0.067841
2020-01-12 00:40:19,677 - INFO - 295 : memory usage 385744
2020-01-12 00:40:19,677 - INFO - 295 : child memory usage 81616
2020-01-12 00:40:19,677 - INFO - 295 : cpu time 5.993131
2020-01-12 00:40:19,677 - INFO - 295 : child cpu time 0.067841
2020-01-12 00:40:29,678 - INFO - 295 : memory usage 388580
2020-01-12 00:40:29,678 - INFO - 295 : child memory usage 81616
2020-01-12 00:40:29,678 - INFO - 295 : cpu time 6.136395
2020-01-12 00:40:29,678 - INFO - 295 : child cpu time 0.067841
2020-01-12 00:40:39,679 - INFO - 295 : memory usage 388588
2020-01-12 00:40:39,679 - INFO - 295 : child memory usage 81616
2020-01-12 00:40:39,679 - INFO - 295 : cpu time 6.153842
2020-01-12 00:40:39,679 - INFO - 295 : child cpu time 0.067841
2020-01-12 00:40:49,680 - INFO - 295 : memory usage 388616
2020-01-12 00:40:49,680 - INFO - 295 : child memory usage 81616
2020-01-12 00:40:49,680 - INFO - 295 : cpu time 6.172358
2020-01-12 00:40:49,680 - INFO - 295 : child cpu time 0.067841
2020-01-12 00:40:59,681 - INFO - 295 : memory usage 389432
2020-01-12 00:40:59,681 - INFO - 295 : child memory usage 81616
2020-01-12 00:40:59,681 - INFO - 295 : cpu time 6.193988
2020-01-12 00:40:59,682 - INFO - 295 : child cpu time 0.067841
2020-01-12 00:41:09,682 - INFO - 295 : memory usage 390248
2020-01-12 00:41:09,682 - INFO - 295 : child memory usage 81616
2020-01-12 00:41:09,683 - INFO - 295 : cpu time 6.208501
2020-01-12 00:41:09,683 - INFO - 295 : child cpu time 0.067841
2020-01-12 00:41:19,683 - INFO - 295 : memory usage 391064
2020-01-12 00:41:19,684 - INFO - 295 : child memory usage 81616
2020-01-12 00:41:19,684 - INFO - 295 : cpu time 6.227183
2020-01-12 00:41:19,684 - INFO - 295 : child cpu time 0.067841
2020-01-12 00:41:29,685 - INFO - 295 : memory usage 391880
2020-01-12 00:41:29,685 - INFO - 295 : child memory usage 81616
2020-01-12 00:41:29,685 - INFO - 295 : cpu time 6.247785
2020-01-12 00:41:29,685 - INFO - 295 : child cpu time 0.067841
2020-01-12 00:41:39,686 - INFO - 295 : memory usage 394736
2020-01-12 00:41:39,686 - INFO - 295 : child memory usage 81616
2020-01-12 00:41:39,687 - INFO - 295 : cpu time 6.257958
2020-01-12 00:41:39,687 - INFO - 295 : child cpu time 0.067841
2020-01-12 00:41:49,687 - INFO - 295 : memory usage 394752
2020-01-12 00:41:49,688 - INFO - 295 : child memory usage 81616
2020-01-12 00:41:49,688 - INFO - 295 : cpu time 6.268164
2020-01-12 00:41:49,688 - INFO - 295 : child cpu time 0.067841
2020-01-12 00:41:59,688 - INFO - 295 : memory usage 394752
2020-01-12 00:41:59,689 - INFO - 295 : child memory usage 81616
2020-01-12 00:41:59,689 - INFO - 295 : cpu time 6.288381
2020-01-12 00:41:59,689 - INFO - 295 : child cpu time 0.067841
2020-01-12 00:42:09,690 - INFO - 295 : memory usage 395364
2020-01-12 00:42:09,690 - INFO - 295 : child memory usage 81616
2020-01-12 00:42:09,690 - INFO - 295 : cpu time 6.32898
2020-01-12 00:42:09,690 - INFO - 295 : child cpu time 0.067841
2020-01-12 00:42:19,691 - INFO - 295 : memory usage 396180
2020-01-12 00:42:19,691 - INFO - 295 : child memory usage 81616
2020-01-12 00:42:19,692 - INFO - 295 : cpu time 6.354575
2020-01-12 00:42:19,692 - INFO - 295 : child cpu time 0.067841
2020-01-12 00:42:29,692 - INFO - 295 : memory usage 396996
2020-01-12 00:42:29,693 - INFO - 295 : child memory usage 81616
2020-01-12 00:42:29,693 - INFO - 295 : cpu time 6.374753
2020-01-12 00:42:29,693 - INFO - 295 : child cpu time 0.067841
2020-01-12 00:42:39,694 - INFO - 295 : memory usage 399936
2020-01-12 00:42:39,694 - INFO - 295 : child memory usage 81616
2020-01-12 00:42:39,694 - INFO - 295 : cpu time 6.395174
2020-01-12 00:42:39,694 - INFO - 295 : child cpu time 0.067841
2020-01-12 00:42:49,695 - INFO - 295 : memory usage 399952
2020-01-12 00:42:49,695 - INFO - 295 : child memory usage 81616
2020-01-12 00:42:49,696 - INFO - 295 : cpu time 6.412794
2020-01-12 00:42:49,696 - INFO - 295 : child cpu time 0.067841
2020-01-12 00:42:59,696 - INFO - 295 : memory usage 399952
2020-01-12 00:42:59,697 - INFO - 295 : child memory usage 81616
2020-01-12 00:42:59,697 - INFO - 295 : cpu time 6.432207
2020-01-12 00:42:59,697 - INFO - 295 : child cpu time 0.067841
2020-01-12 00:43:09,697 - INFO - 295 : memory usage 399952
2020-01-12 00:43:09,698 - INFO - 295 : child memory usage 81616
2020-01-12 00:43:09,698 - INFO - 295 : cpu time 6.451629
2020-01-12 00:43:09,698 - INFO - 295 : child cpu time 0.067841
2020-01-12 00:43:19,699 - INFO - 295 : memory usage 400376
2020-01-12 00:43:19,699 - INFO - 295 : child memory usage 81616
2020-01-12 00:43:19,699 - INFO - 295 : cpu time 6.470225
2020-01-12 00:43:19,699 - INFO - 295 : child cpu time 0.067841
2020-01-12 00:43:29,700 - INFO - 295 : memory usage 400396
2020-01-12 00:43:29,700 - INFO - 295 : child memory usage 81616
2020-01-12 00:43:29,700 - INFO - 295 : cpu time 6.488786
2020-01-12 00:43:29,700 - INFO - 295 : child cpu time 0.067841
2020-01-12 00:43:39,701 - INFO - 295 : memory usage 400408
2020-01-12 00:43:39,701 - INFO - 295 : child memory usage 81616
2020-01-12 00:43:39,701 - INFO - 295 : cpu time 6.507256
2020-01-12 00:43:39,701 - INFO - 295 : child cpu time 0.067841
2020-01-12 00:43:49,702 - INFO - 295 : memory usage 401200
2020-01-12 00:43:49,702 - INFO - 295 : child memory usage 81616
2020-01-12 00:43:49,702 - INFO - 295 : cpu time 6.525486
2020-01-12 00:43:49,703 - INFO - 295 : child cpu time 0.067841
2020-01-12 00:43:59,703 - INFO - 295 : memory usage 401200
2020-01-12 00:43:59,704 - INFO - 295 : child memory usage 81616
2020-01-12 00:43:59,704 - INFO - 295 : cpu time 6.543878
2020-01-12 00:43:59,704 - INFO - 295 : child cpu time 0.067841
2020-01-12 00:44:09,704 - INFO - 295 : memory usage 401992
2020-01-12 00:44:09,705 - INFO - 295 : child memory usage 81616
2020-01-12 00:44:09,705 - INFO - 295 : cpu time 6.580677
2020-01-12 00:44:09,705 - INFO - 295 : child cpu time 0.067841
2020-01-12 00:44:19,706 - INFO - 295 : memory usage 401992
2020-01-12 00:44:19,706 - INFO - 295 : child memory usage 81616
2020-01-12 00:44:19,706 - INFO - 295 : cpu time 6.598623
2020-01-12 00:44:19,706 - INFO - 295 : child cpu time 0.067841
2020-01-12 00:44:29,707 - INFO - 295 : memory usage 401992
2020-01-12 00:44:29,707 - INFO - 295 : child memory usage 81616
2020-01-12 00:44:29,707 - INFO - 295 : cpu time 6.612614
2020-01-12 00:44:29,707 - INFO - 295 : child cpu time 0.067841
2020-01-12 00:44:39,708 - INFO - 295 : memory usage 401992
2020-01-12 00:44:39,708 - INFO - 295 : child memory usage 81616
2020-01-12 00:44:39,709 - INFO - 295 : cpu time 6.626547
2020-01-12 00:44:39,709 - INFO - 295 : child cpu time 0.067841
2020-01-12 00:44:49,709 - INFO - 295 : memory usage 401992
2020-01-12 00:44:49,709 - INFO - 295 : child memory usage 81616
2020-01-12 00:44:49,710 - INFO - 295 : cpu time 6.644809
2020-01-12 00:44:49,710 - INFO - 295 : child cpu time 0.067841
2020-01-12 00:44:59,710 - INFO - 295 : memory usage 401992
2020-01-12 00:44:59,711 - INFO - 295 : child memory usage 81616
2020-01-12 00:44:59,711 - INFO - 295 : cpu time 6.663448
2020-01-12 00:44:59,711 - INFO - 295 : child cpu time 0.067841
2020-01-12 00:45:09,711 - INFO - 295 : memory usage 401992
2020-01-12 00:45:09,712 - INFO - 295 : child memory usage 81616
2020-01-12 00:45:09,712 - INFO - 295 : cpu time 6.683609
2020-01-12 00:45:09,712 - INFO - 295 : child cpu time 0.067841
2020-01-12 00:45:19,712 - INFO - 295 : memory usage 402780
2020-01-12 00:45:19,713 - INFO - 295 : child memory usage 81616
2020-01-12 00:45:19,713 - INFO - 295 : cpu time 6.698086
2020-01-12 00:45:19,713 - INFO - 295 : child cpu time 0.067841
2020-01-12 00:45:29,714 - INFO - 295 : memory usage 402780
2020-01-12 00:45:29,714 - INFO - 295 : child memory usage 81616
2020-01-12 00:45:29,714 - INFO - 295 : cpu time 6.711529
2020-01-12 00:45:29,714 - INFO - 295 : child cpu time 0.067841
2020-01-12 00:45:39,715 - INFO - 295 : memory usage 402780
2020-01-12 00:45:39,715 - INFO - 295 : child memory usage 81616
2020-01-12 00:45:39,715 - INFO - 295 : cpu time 6.724988
2020-01-12 00:45:39,715 - INFO - 295 : child cpu time 0.067841
2020-01-12 00:45:49,716 - INFO - 295 : memory usage 403568
2020-01-12 00:45:49,716 - INFO - 295 : child memory usage 81616
2020-01-12 00:45:49,716 - INFO - 295 : cpu time 6.770104
2020-01-12 00:45:49,716 - INFO - 295 : child cpu time 0.067841
2020-01-12 00:45:59,717 - INFO - 295 : memory usage 403568
2020-01-12 00:45:59,717 - INFO - 295 : child memory usage 81616
2020-01-12 00:45:59,717 - INFO - 295 : cpu time 6.784808
2020-01-12 00:45:59,717 - INFO - 295 : child cpu time 0.067841
2020-01-12 00:46:09,717 - INFO - 295 : memory usage 403568
2020-01-12 00:46:09,718 - INFO - 295 : child memory usage 81616
2020-01-12 00:46:09,718 - INFO - 295 : cpu time 6.789279
2020-01-12 00:46:09,718 - INFO - 295 : child cpu time 0.067841
2020-01-12 00:46:19,719 - INFO - 295 : memory usage 403568
2020-01-12 00:46:19,719 - INFO - 295 : child memory usage 81616
2020-01-12 00:46:19,719 - INFO - 295 : cpu time 6.8082650000000005
2020-01-12 00:46:19,719 - INFO - 295 : child cpu time 0.067841
2020-01-12 00:46:29,720 - INFO - 295 : memory usage 403568
2020-01-12 00:46:29,720 - INFO - 295 : child memory usage 81616
2020-01-12 00:46:29,720 - INFO - 295 : cpu time 6.826174
2020-01-12 00:46:29,721 - INFO - 295 : child cpu time 0.067841
2020-01-12 00:46:39,721 - INFO - 295 : memory usage 403568
2020-01-12 00:46:39,722 - INFO - 295 : child memory usage 81616
2020-01-12 00:46:39,722 - INFO - 295 : cpu time 6.837723
2020-01-12 00:46:39,722 - INFO - 295 : child cpu time 0.067841
2020-01-12 00:46:49,723 - INFO - 295 : memory usage 403568
2020-01-12 00:46:49,723 - INFO - 295 : child memory usage 81616
2020-01-12 00:46:49,723 - INFO - 295 : cpu time 6.856734
2020-01-12 00:46:49,723 - INFO - 295 : child cpu time 0.067841
2020-01-12 00:46:59,724 - INFO - 295 : memory usage 403568
2020-01-12 00:46:59,724 - INFO - 295 : child memory usage 81616
2020-01-12 00:46:59,724 - INFO - 295 : cpu time 6.874449
2020-01-12 00:46:59,724 - INFO - 295 : child cpu time 0.067841
2020-01-12 00:47:09,725 - INFO - 295 : memory usage 403568
2020-01-12 00:47:09,725 - INFO - 295 : child memory usage 81616
2020-01-12 00:47:09,725 - INFO - 295 : cpu time 6.892087
2020-01-12 00:47:09,725 - INFO - 295 : child cpu time 0.067841
2020-01-12 00:47:19,726 - INFO - 295 : memory usage 403568
2020-01-12 00:47:19,726 - INFO - 295 : child memory usage 81616
2020-01-12 00:47:19,726 - INFO - 295 : cpu time 6.911106
2020-01-12 00:47:19,726 - INFO - 295 : child cpu time 0.067841
2020-01-12 00:47:29,727 - INFO - 295 : memory usage 403568
2020-01-12 00:47:29,727 - INFO - 295 : child memory usage 81616
2020-01-12 00:47:29,727 - INFO - 295 : cpu time 6.9298210000000005
2020-01-12 00:47:29,727 - INFO - 295 : child cpu time 0.067841
2020-01-12 00:47:39,728 - INFO - 295 : memory usage 403568
2020-01-12 00:47:39,728 - INFO - 295 : child memory usage 81616
2020-01-12 00:47:39,728 - INFO - 295 : cpu time 6.944828
2020-01-12 00:47:39,728 - INFO - 295 : child cpu time 0.067841
2020-01-12 00:47:49,729 - INFO - 295 : memory usage 403576
2020-01-12 00:47:49,729 - INFO - 295 : child memory usage 81616
2020-01-12 00:47:49,729 - INFO - 295 : cpu time 6.988248
2020-01-12 00:47:49,729 - INFO - 295 : child cpu time 0.067841
2020-01-12 00:47:59,730 - INFO - 295 : memory usage 403576
2020-01-12 00:47:59,730 - INFO - 295 : child memory usage 81616
2020-01-12 00:47:59,730 - INFO - 295 : cpu time 7.005749
2020-01-12 00:47:59,731 - INFO - 295 : child cpu time 0.067841
2020-01-12 00:48:09,731 - INFO - 295 : memory usage 403580
2020-01-12 00:48:09,731 - INFO - 295 : child memory usage 81616
2020-01-12 00:48:09,732 - INFO - 295 : cpu time 7.024669
2020-01-12 00:48:09,732 - INFO - 295 : child cpu time 0.067841
2020-01-12 00:48:19,732 - INFO - 295 : memory usage 403580
2020-01-12 00:48:19,732 - INFO - 295 : child memory usage 81616
2020-01-12 00:48:19,733 - INFO - 295 : cpu time 7.042181
2020-01-12 00:48:19,733 - INFO - 295 : child cpu time 0.067841
2020-01-12 00:48:29,733 - INFO - 295 : memory usage 403580
2020-01-12 00:48:29,734 - INFO - 295 : child memory usage 81616
2020-01-12 00:48:29,734 - INFO - 295 : cpu time 7.058405
2020-01-12 00:48:29,734 - INFO - 295 : child cpu time 0.067841
2020-01-12 00:48:39,734 - INFO - 295 : memory usage 403584
2020-01-12 00:48:39,735 - INFO - 295 : child memory usage 81616
2020-01-12 00:48:39,735 - INFO - 295 : cpu time 7.075263
2020-01-12 00:48:39,735 - INFO - 295 : child cpu time 0.067841
2020-01-12 00:48:49,736 - INFO - 295 : memory usage 403584
2020-01-12 00:48:49,736 - INFO - 295 : child memory usage 81616
2020-01-12 00:48:49,738 - INFO - 295 : cpu time 7.093023
2020-01-12 00:48:49,738 - INFO - 295 : child cpu time 0.067841
2020-01-12 00:48:59,739 - INFO - 295 : memory usage 403584
2020-01-12 00:48:59,739 - INFO - 295 : child memory usage 81616
2020-01-12 00:48:59,739 - INFO - 295 : cpu time 7.113134
2020-01-12 00:48:59,739 - INFO - 295 : child cpu time 0.067841
2020-01-12 00:49:09,740 - INFO - 295 : memory usage 403584
2020-01-12 00:49:09,740 - INFO - 295 : child memory usage 81616
2020-01-12 00:49:09,740 - INFO - 295 : cpu time 7.13142
2020-01-12 00:49:09,741 - INFO - 295 : child cpu time 0.067841
2020-01-12 00:49:19,741 - INFO - 295 : memory usage 403584
2020-01-12 00:49:19,741 - INFO - 295 : child memory usage 81616
2020-01-12 00:49:19,742 - INFO - 295 : cpu time 7.152707
2020-01-12 00:49:19,742 - INFO - 295 : child cpu time 0.067841
2020-01-12 00:49:29,742 - INFO - 295 : memory usage 403584
2020-01-12 00:49:29,742 - INFO - 295 : child memory usage 81616
2020-01-12 00:49:29,743 - INFO - 295 : cpu time 7.168856
2020-01-12 00:49:29,743 - INFO - 295 : child cpu time 0.067841
2020-01-12 00:49:39,743 - INFO - 295 : memory usage 403656
2020-01-12 00:49:39,743 - INFO - 295 : child memory usage 81616
2020-01-12 00:49:39,744 - INFO - 295 : cpu time 7.211464
2020-01-12 00:49:39,744 - INFO - 295 : child cpu time 0.067841
2020-01-12 00:49:49,744 - INFO - 295 : memory usage 403656
2020-01-12 00:49:49,745 - INFO - 295 : child memory usage 81616
2020-01-12 00:49:49,745 - INFO - 295 : cpu time 7.224932
2020-01-12 00:49:49,745 - INFO - 295 : child cpu time 0.067841
2020-01-12 00:49:59,745 - INFO - 295 : memory usage 403656
2020-01-12 00:49:59,745 - INFO - 295 : child memory usage 81616
2020-01-12 00:49:59,746 - INFO - 295 : cpu time 7.241326
2020-01-12 00:49:59,746 - INFO - 295 : child cpu time 0.067841
2020-01-12 00:50:09,746 - INFO - 295 : memory usage 403656
2020-01-12 00:50:09,746 - INFO - 295 : child memory usage 81616
2020-01-12 00:50:09,747 - INFO - 295 : cpu time 7.259673
2020-01-12 00:50:09,747 - INFO - 295 : child cpu time 0.067841
2020-01-12 00:50:19,747 - INFO - 295 : memory usage 403656
2020-01-12 00:50:19,747 - INFO - 295 : child memory usage 81616
2020-01-12 00:50:19,748 - INFO - 295 : cpu time 7.27703
2020-01-12 00:50:19,748 - INFO - 295 : child cpu time 0.067841
2020-01-12 00:50:29,748 - INFO - 295 : memory usage 403656
2020-01-12 00:50:29,749 - INFO - 295 : child memory usage 81616
2020-01-12 00:50:29,749 - INFO - 295 : cpu time 7.295456
2020-01-12 00:50:29,749 - INFO - 295 : child cpu time 0.067841
2020-01-12 00:50:39,749 - INFO - 295 : memory usage 403656
2020-01-12 00:50:39,750 - INFO - 295 : child memory usage 81616
2020-01-12 00:50:39,750 - INFO - 295 : cpu time 7.314676
2020-01-12 00:50:39,750 - INFO - 295 : child cpu time 0.067841
2020-01-12 00:50:49,750 - INFO - 295 : memory usage 403656
2020-01-12 00:50:49,751 - INFO - 295 : child memory usage 81616
2020-01-12 00:50:49,751 - INFO - 295 : cpu time 7.333166
2020-01-12 00:50:49,751 - INFO - 295 : child cpu time 0.067841
2020-01-12 00:50:59,751 - INFO - 295 : memory usage 403656
2020-01-12 00:50:59,752 - INFO - 295 : child memory usage 81616
2020-01-12 00:50:59,752 - INFO - 295 : cpu time 7.351154
2020-01-12 00:50:59,752 - INFO - 295 : child cpu time 0.067841
2020-01-12 00:51:09,752 - INFO - 295 : memory usage 403656
2020-01-12 00:51:09,753 - INFO - 295 : child memory usage 81616
2020-01-12 00:51:09,753 - INFO - 295 : cpu time 7.369029
2020-01-12 00:51:09,753 - INFO - 295 : child cpu time 0.067841
2020-01-12 00:51:19,753 - INFO - 295 : memory usage 403656
2020-01-12 00:51:19,754 - INFO - 295 : child memory usage 81616
2020-01-12 00:51:19,754 - INFO - 295 : cpu time 7.4092839999999995
2020-01-12 00:51:19,754 - INFO - 295 : child cpu time 0.067841
2020-01-12 00:51:29,755 - INFO - 295 : memory usage 403656
2020-01-12 00:51:29,755 - INFO - 295 : child memory usage 81616
2020-01-12 00:51:29,755 - INFO - 295 : cpu time 7.439134
2020-01-12 00:51:29,755 - INFO - 295 : child cpu time 0.067841
2020-01-12 00:51:39,755 - INFO - 295 : memory usage 403656
2020-01-12 00:51:39,756 - INFO - 295 : child memory usage 81616
2020-01-12 00:51:39,756 - INFO - 295 : cpu time 7.452793
2020-01-12 00:51:39,756 - INFO - 295 : child cpu time 0.067841
2020-01-12 00:51:49,756 - INFO - 295 : memory usage 403656
2020-01-12 00:51:49,758 - INFO - 295 : child memory usage 81616
2020-01-12 00:51:49,758 - INFO - 295 : cpu time 7.469819
2020-01-12 00:51:49,758 - INFO - 295 : child cpu time 0.067841
2020-01-12 00:51:59,759 - INFO - 295 : memory usage 403656
2020-01-12 00:51:59,759 - INFO - 295 : child memory usage 81616
2020-01-12 00:51:59,759 - INFO - 295 : cpu time 7.4845749999999995
2020-01-12 00:51:59,759 - INFO - 295 : child cpu time 0.067841
2020-01-12 00:52:09,760 - INFO - 295 : memory usage 403656
2020-01-12 00:52:09,760 - INFO - 295 : child memory usage 81616
2020-01-12 00:52:09,760 - INFO - 295 : cpu time 7.5022079999999995
2020-01-12 00:52:09,760 - INFO - 295 : child cpu time 0.067841
2020-01-12 00:52:19,761 - INFO - 295 : memory usage 403656
2020-01-12 00:52:19,761 - INFO - 295 : child memory usage 81616
2020-01-12 00:52:19,761 - INFO - 295 : cpu time 7.520198
2020-01-12 00:52:19,761 - INFO - 295 : child cpu time 0.067841
2020-01-12 00:52:29,761 - INFO - 295 : memory usage 403656
2020-01-12 00:52:29,762 - INFO - 295 : child memory usage 81616
2020-01-12 00:52:29,762 - INFO - 295 : cpu time 7.533575
2020-01-12 00:52:29,762 - INFO - 295 : child cpu time 0.067841
2020-01-12 00:52:39,762 - INFO - 295 : memory usage 403656
2020-01-12 00:52:39,763 - INFO - 295 : child memory usage 81616
2020-01-12 00:52:39,763 - INFO - 295 : cpu time 7.553426
2020-01-12 00:52:39,763 - INFO - 295 : child cpu time 0.067841
2020-01-12 00:52:49,763 - INFO - 295 : memory usage 403656
2020-01-12 00:52:49,764 - INFO - 295 : child memory usage 81616
2020-01-12 00:52:49,764 - INFO - 295 : cpu time 7.571472
2020-01-12 00:52:49,764 - INFO - 295 : child cpu time 0.067841
2020-01-12 00:52:59,765 - INFO - 295 : memory usage 403656
2020-01-12 00:52:59,765 - INFO - 295 : child memory usage 81616
2020-01-12 00:52:59,765 - INFO - 295 : cpu time 7.584027
2020-01-12 00:52:59,765 - INFO - 295 : child cpu time 0.067841
2020-01-12 00:53:09,765 - INFO - 295 : memory usage 403656
2020-01-12 00:53:09,766 - INFO - 295 : child memory usage 81616
2020-01-12 00:53:09,766 - INFO - 295 : cpu time 7.602437
2020-01-12 00:53:09,766 - INFO - 295 : child cpu time 0.067841
2020-01-12 00:53:19,767 - INFO - 295 : memory usage 403656
2020-01-12 00:53:19,767 - INFO - 295 : child memory usage 81616
2020-01-12 00:53:19,767 - INFO - 295 : cpu time 7.6443069999999995
2020-01-12 00:53:19,767 - INFO - 295 : child cpu time 0.067841
2020-01-12 00:53:29,768 - INFO - 295 : memory usage 403656
2020-01-12 00:53:29,768 - INFO - 295 : child memory usage 81616
2020-01-12 00:53:29,768 - INFO - 295 : cpu time 7.660951
2020-01-12 00:53:29,768 - INFO - 295 : child cpu time 0.067841
2020-01-12 00:53:39,769 - INFO - 295 : memory usage 403660
2020-01-12 00:53:39,769 - INFO - 295 : child memory usage 81616
2020-01-12 00:53:39,770 - INFO - 295 : cpu time 7.676492
2020-01-12 00:53:39,770 - INFO - 295 : child cpu time 0.067841
2020-01-12 00:53:49,770 - INFO - 295 : memory usage 403660
2020-01-12 00:53:49,771 - INFO - 295 : child memory usage 81616
2020-01-12 00:53:49,771 - INFO - 295 : cpu time 7.690876
2020-01-12 00:53:49,771 - INFO - 295 : child cpu time 0.067841
2020-01-12 00:53:59,772 - INFO - 295 : memory usage 403660
2020-01-12 00:53:59,772 - INFO - 295 : child memory usage 81616
2020-01-12 00:53:59,772 - INFO - 295 : cpu time 7.707516
2020-01-12 00:53:59,772 - INFO - 295 : child cpu time 0.067841
2020-01-12 00:54:09,773 - INFO - 295 : memory usage 403660
2020-01-12 00:54:09,773 - INFO - 295 : child memory usage 81616
2020-01-12 00:54:09,773 - INFO - 295 : cpu time 7.72692
2020-01-12 00:54:09,773 - INFO - 295 : child cpu time 0.067841
2020-01-12 00:54:19,774 - INFO - 295 : memory usage 403660
2020-01-12 00:54:19,774 - INFO - 295 : child memory usage 81616
2020-01-12 00:54:19,774 - INFO - 295 : cpu time 7.741998
2020-01-12 00:54:19,774 - INFO - 295 : child cpu time 0.067841
2020-01-12 00:54:29,775 - INFO - 295 : memory usage 403660
2020-01-12 00:54:29,775 - INFO - 295 : child memory usage 81616
2020-01-12 00:54:29,775 - INFO - 295 : cpu time 7.760806
2020-01-12 00:54:29,775 - INFO - 295 : child cpu time 0.067841
2020-01-12 00:54:39,776 - INFO - 295 : memory usage 403660
2020-01-12 00:54:39,776 - INFO - 295 : child memory usage 81616
2020-01-12 00:54:39,776 - INFO - 295 : cpu time 7.775517
2020-01-12 00:54:39,777 - INFO - 295 : child cpu time 0.067841
2020-01-12 00:54:49,777 - INFO - 295 : memory usage 403660
2020-01-12 00:54:49,777 - INFO - 295 : child memory usage 81616
2020-01-12 00:54:49,778 - INFO - 295 : cpu time 7.793357
2020-01-12 00:54:49,778 - INFO - 295 : child cpu time 0.067841
2020-01-12 00:54:59,778 - INFO - 295 : memory usage 403660
2020-01-12 00:54:59,779 - INFO - 295 : child memory usage 81616
2020-01-12 00:54:59,779 - INFO - 295 : cpu time 7.825721
2020-01-12 00:54:59,779 - INFO - 295 : child cpu time 0.067841
2020-01-12 00:55:09,779 - INFO - 295 : memory usage 403660
2020-01-12 00:55:09,780 - INFO - 295 : child memory usage 81616
2020-01-12 00:55:09,780 - INFO - 295 : cpu time 7.8445920000000005
2020-01-12 00:55:09,780 - INFO - 295 : child cpu time 0.067841
2020-01-12 00:55:19,781 - INFO - 295 : memory usage 403660
2020-01-12 00:55:19,781 - INFO - 295 : child memory usage 81616
2020-01-12 00:55:19,781 - INFO - 295 : cpu time 7.862019
2020-01-12 00:55:19,781 - INFO - 295 : child cpu time 0.067841
2020-01-12 00:55:29,782 - INFO - 295 : memory usage 403660
2020-01-12 00:55:29,782 - INFO - 295 : child memory usage 81616
2020-01-12 00:55:29,782 - INFO - 295 : cpu time 7.880651
2020-01-12 00:55:29,782 - INFO - 295 : child cpu time 0.067841
2020-01-12 00:55:39,783 - INFO - 295 : memory usage 403660
2020-01-12 00:55:39,783 - INFO - 295 : child memory usage 81616
2020-01-12 00:55:39,783 - INFO - 295 : cpu time 7.899006
2020-01-12 00:55:39,783 - INFO - 295 : child cpu time 0.067841
2020-01-12 00:55:49,784 - INFO - 295 : memory usage 403660
2020-01-12 00:55:49,784 - INFO - 295 : child memory usage 81616
2020-01-12 00:55:49,784 - INFO - 295 : cpu time 7.913505
2020-01-12 00:55:49,784 - INFO - 295 : child cpu time 0.067841
2020-01-12 00:55:59,785 - INFO - 295 : memory usage 403660
2020-01-12 00:55:59,785 - INFO - 295 : child memory usage 81616
2020-01-12 00:55:59,785 - INFO - 295 : cpu time 7.930434
2020-01-12 00:55:59,785 - INFO - 295 : child cpu time 0.067841
2020-01-12 00:56:09,786 - INFO - 295 : memory usage 403660
2020-01-12 00:56:09,786 - INFO - 295 : child memory usage 81616
2020-01-12 00:56:09,786 - INFO - 295 : cpu time 7.949293
2020-01-12 00:56:09,787 - INFO - 295 : child cpu time 0.067841
2020-01-12 00:56:19,787 - INFO - 295 : memory usage 403660
2020-01-12 00:56:19,787 - INFO - 295 : child memory usage 81616
2020-01-12 00:56:19,788 - INFO - 295 : cpu time 7.962264
2020-01-12 00:56:19,788 - INFO - 295 : child cpu time 0.067841
2020-01-12 00:56:29,788 - INFO - 295 : memory usage 403660
2020-01-12 00:56:29,788 - INFO - 295 : child memory usage 81616
2020-01-12 00:56:29,789 - INFO - 295 : cpu time 7.979773
2020-01-12 00:56:29,789 - INFO - 295 : child cpu time 0.067841
2020-01-12 00:56:39,789 - INFO - 295 : memory usage 403660
2020-01-12 00:56:39,790 - INFO - 295 : child memory usage 81616
2020-01-12 00:56:39,790 - INFO - 295 : cpu time 7.99451
2020-01-12 00:56:39,790 - INFO - 295 : child cpu time 0.067841
2020-01-12 00:56:49,790 - INFO - 295 : memory usage 403660
2020-01-12 00:56:49,791 - INFO - 295 : child memory usage 81616
2020-01-12 00:56:49,791 - INFO - 295 : cpu time 8.011938
2020-01-12 00:56:49,791 - INFO - 295 : child cpu time 0.067841
2020-01-12 00:56:59,791 - INFO - 295 : memory usage 403660
2020-01-12 00:56:59,792 - INFO - 295 : child memory usage 81616
2020-01-12 00:56:59,792 - INFO - 295 : cpu time 8.049399
2020-01-12 00:56:59,792 - INFO - 295 : child cpu time 0.067841
2020-01-12 00:57:09,792 - INFO - 295 : memory usage 403660
2020-01-12 00:57:09,793 - INFO - 295 : child memory usage 81616
2020-01-12 00:57:09,793 - INFO - 295 : cpu time 8.067969
2020-01-12 00:57:09,793 - INFO - 295 : child cpu time 0.067841
2020-01-12 00:57:19,793 - INFO - 295 : memory usage 403660
2020-01-12 00:57:19,794 - INFO - 295 : child memory usage 81616
2020-01-12 00:57:19,794 - INFO - 295 : cpu time 8.081025
2020-01-12 00:57:19,794 - INFO - 295 : child cpu time 0.067841
2020-01-12 00:57:29,795 - INFO - 295 : memory usage 403660
2020-01-12 00:57:29,795 - INFO - 295 : child memory usage 81616
2020-01-12 00:57:29,795 - INFO - 295 : cpu time 8.101241
2020-01-12 00:57:29,795 - INFO - 295 : child cpu time 0.067841
2020-01-12 00:57:39,796 - INFO - 295 : memory usage 403660
2020-01-12 00:57:39,796 - INFO - 295 : child memory usage 81616
2020-01-12 00:57:39,796 - INFO - 295 : cpu time 8.119842
2020-01-12 00:57:39,796 - INFO - 295 : child cpu time 0.067841
2020-01-12 00:57:49,797 - INFO - 295 : memory usage 403660
2020-01-12 00:57:49,797 - INFO - 295 : child memory usage 81616
2020-01-12 00:57:49,797 - INFO - 295 : cpu time 8.130677
2020-01-12 00:57:49,797 - INFO - 295 : child cpu time 0.067841
2020-01-12 00:57:59,798 - INFO - 295 : memory usage 403660
2020-01-12 00:57:59,798 - INFO - 295 : child memory usage 81616
2020-01-12 00:57:59,798 - INFO - 295 : cpu time 8.145705
2020-01-12 00:57:59,799 - INFO - 295 : child cpu time 0.067841
2020-01-12 00:58:09,799 - INFO - 295 : memory usage 403660
2020-01-12 00:58:09,799 - INFO - 295 : child memory usage 81616
2020-01-12 00:58:09,799 - INFO - 295 : cpu time 8.165294
2020-01-12 00:58:09,799 - INFO - 295 : child cpu time 0.067841
2020-01-12 00:58:19,800 - INFO - 295 : memory usage 403660
2020-01-12 00:58:19,800 - INFO - 295 : child memory usage 81616
2020-01-12 00:58:19,800 - INFO - 295 : cpu time 8.183154
2020-01-12 00:58:19,800 - INFO - 295 : child cpu time 0.067841
2020-01-12 00:58:29,801 - INFO - 295 : memory usage 403660
2020-01-12 00:58:29,801 - INFO - 295 : child memory usage 81616
2020-01-12 00:58:29,802 - INFO - 295 : cpu time 8.201667
2020-01-12 00:58:29,802 - INFO - 295 : child cpu time 0.067841
2020-01-12 00:58:39,802 - INFO - 295 : memory usage 403660
2020-01-12 00:58:39,803 - INFO - 295 : child memory usage 81616
2020-01-12 00:58:39,803 - INFO - 295 : cpu time 8.239716
2020-01-12 00:58:39,803 - INFO - 295 : child cpu time 0.067841
2020-01-12 00:58:49,804 - INFO - 295 : memory usage 403660
2020-01-12 00:58:49,804 - INFO - 295 : child memory usage 81616
2020-01-12 00:58:49,804 - INFO - 295 : cpu time 8.257545
2020-01-12 00:58:49,804 - INFO - 295 : child cpu time 0.067841
2020-01-12 00:58:59,805 - INFO - 295 : memory usage 403660
2020-01-12 00:58:59,805 - INFO - 295 : child memory usage 81616
2020-01-12 00:58:59,805 - INFO - 295 : cpu time 8.27547
2020-01-12 00:58:59,805 - INFO - 295 : child cpu time 0.067841
2020-01-12 00:59:09,806 - INFO - 295 : memory usage 403660
2020-01-12 00:59:09,806 - INFO - 295 : child memory usage 81616
2020-01-12 00:59:09,806 - INFO - 295 : cpu time 8.290310999999999
2020-01-12 00:59:09,806 - INFO - 295 : child cpu time 0.067841
2020-01-12 00:59:19,807 - INFO - 295 : memory usage 403660
2020-01-12 00:59:19,807 - INFO - 295 : child memory usage 81616
2020-01-12 00:59:19,808 - INFO - 295 : cpu time 8.308487
2020-01-12 00:59:19,808 - INFO - 295 : child cpu time 0.067841
2020-01-12 00:59:29,808 - INFO - 295 : memory usage 403660
2020-01-12 00:59:29,809 - INFO - 295 : child memory usage 81616
2020-01-12 00:59:29,809 - INFO - 295 : cpu time 8.327001
2020-01-12 00:59:29,809 - INFO - 295 : child cpu time 0.067841
2020-01-12 00:59:39,809 - INFO - 295 : memory usage 403660
2020-01-12 00:59:39,810 - INFO - 295 : child memory usage 81616
2020-01-12 00:59:39,810 - INFO - 295 : cpu time 8.345639
2020-01-12 00:59:39,810 - INFO - 295 : child cpu time 0.067841
2020-01-12 00:59:49,811 - INFO - 295 : memory usage 403660
2020-01-12 00:59:49,811 - INFO - 295 : child memory usage 81616
2020-01-12 00:59:49,811 - INFO - 295 : cpu time 8.364882
2020-01-12 00:59:49,811 - INFO - 295 : child cpu time 0.067841
2020-01-12 00:59:59,812 - INFO - 295 : memory usage 403660
2020-01-12 00:59:59,812 - INFO - 295 : child memory usage 81616
2020-01-12 00:59:59,812 - INFO - 295 : cpu time 8.383106
2020-01-12 00:59:59,812 - INFO - 295 : child cpu time 0.067841
2020-01-12 01:00:09,813 - INFO - 295 : memory usage 403660
2020-01-12 01:00:09,813 - INFO - 295 : child memory usage 81616
2020-01-12 01:00:09,813 - INFO - 295 : cpu time 8.403283
2020-01-12 01:00:09,813 - INFO - 295 : child cpu time 0.067841
2020-01-12 01:00:19,814 - INFO - 295 : memory usage 403660
2020-01-12 01:00:19,814 - INFO - 295 : child memory usage 81616
2020-01-12 01:00:19,814 - INFO - 295 : cpu time 8.421826
2020-01-12 01:00:19,814 - INFO - 295 : child cpu time 0.067841
2020-01-12 01:00:29,815 - INFO - 295 : memory usage 403660
2020-01-12 01:00:29,815 - INFO - 295 : child memory usage 81616
2020-01-12 01:00:29,815 - INFO - 295 : cpu time 8.44181
2020-01-12 01:00:29,816 - INFO - 295 : child cpu time 0.067841
2020-01-12 01:00:39,816 - INFO - 295 : memory usage 403660
2020-01-12 01:00:39,816 - INFO - 295 : child memory usage 81616
2020-01-12 01:00:39,817 - INFO - 295 : cpu time 8.486221
2020-01-12 01:00:39,817 - INFO - 295 : child cpu time 0.067841
2020-01-12 01:00:49,817 - INFO - 295 : memory usage 403660
2020-01-12 01:00:49,818 - INFO - 295 : child memory usage 81616
2020-01-12 01:00:49,818 - INFO - 295 : cpu time 8.500108
2020-01-12 01:00:49,818 - INFO - 295 : child cpu time 0.067841
2020-01-12 01:00:59,819 - INFO - 295 : memory usage 403660
2020-01-12 01:00:59,819 - INFO - 295 : child memory usage 81616
2020-01-12 01:00:59,819 - INFO - 295 : cpu time 8.518396
2020-01-12 01:00:59,819 - INFO - 295 : child cpu time 0.067841
2020-01-12 01:01:09,820 - INFO - 295 : memory usage 403660
2020-01-12 01:01:09,820 - INFO - 295 : child memory usage 81616
2020-01-12 01:01:09,820 - INFO - 295 : cpu time 8.531526
2020-01-12 01:01:09,820 - INFO - 295 : child cpu time 0.067841
2020-01-12 01:01:19,821 - INFO - 295 : memory usage 403660
2020-01-12 01:01:19,821 - INFO - 295 : child memory usage 81616
2020-01-12 01:01:19,821 - INFO - 295 : cpu time 8.548062999999999
2020-01-12 01:01:19,821 - INFO - 295 : child cpu time 0.067841
2020-01-12 01:01:29,822 - INFO - 295 : memory usage 403660
2020-01-12 01:01:29,822 - INFO - 295 : child memory usage 81616
2020-01-12 01:01:29,823 - INFO - 295 : cpu time 8.5632
2020-01-12 01:01:29,823 - INFO - 295 : child cpu time 0.067841
2020-01-12 01:01:39,823 - INFO - 295 : memory usage 403660
2020-01-12 01:01:39,824 - INFO - 295 : child memory usage 81616
2020-01-12 01:01:39,824 - INFO - 295 : cpu time 8.568639
2020-01-12 01:01:39,824 - INFO - 295 : child cpu time 0.067841
2020-01-12 01:01:49,824 - INFO - 295 : memory usage 403660
2020-01-12 01:01:49,825 - INFO - 295 : child memory usage 81616
2020-01-12 01:01:49,825 - INFO - 295 : cpu time 8.586836
2020-01-12 01:01:49,825 - INFO - 295 : child cpu time 0.067841
2020-01-12 01:01:59,825 - INFO - 295 : memory usage 403660
2020-01-12 01:01:59,826 - INFO - 295 : child memory usage 81616
2020-01-12 01:01:59,826 - INFO - 295 : cpu time 8.606887
2020-01-12 01:01:59,826 - INFO - 295 : child cpu time 0.067841
2020-01-12 01:02:09,827 - INFO - 295 : memory usage 403660
2020-01-12 01:02:09,827 - INFO - 295 : child memory usage 81616
2020-01-12 01:02:09,827 - INFO - 295 : cpu time 8.621009
2020-01-12 01:02:09,827 - INFO - 295 : child cpu time 0.067841
2020-01-12 01:02:19,828 - INFO - 295 : memory usage 403660
2020-01-12 01:02:19,828 - INFO - 295 : child memory usage 81616
2020-01-12 01:02:19,828 - INFO - 295 : cpu time 8.639429
2020-01-12 01:02:19,828 - INFO - 295 : child cpu time 0.067841
2020-01-12 01:02:29,829 - INFO - 295 : memory usage 403660
2020-01-12 01:02:29,829 - INFO - 295 : child memory usage 81616
2020-01-12 01:02:29,829 - INFO - 295 : cpu time 8.683069
2020-01-12 01:02:29,829 - INFO - 295 : child cpu time 0.067841
2020-01-12 01:02:39,830 - INFO - 295 : memory usage 403660
2020-01-12 01:02:39,830 - INFO - 295 : child memory usage 81616
2020-01-12 01:02:39,830 - INFO - 295 : cpu time 8.704377
2020-01-12 01:02:39,831 - INFO - 295 : child cpu time 0.067841
2020-01-12 01:02:49,831 - INFO - 295 : memory usage 403660
2020-01-12 01:02:49,831 - INFO - 295 : child memory usage 81616
2020-01-12 01:02:49,832 - INFO - 295 : cpu time 8.722247
2020-01-12 01:02:49,832 - INFO - 295 : child cpu time 0.067841
2020-01-12 01:02:59,832 - INFO - 295 : memory usage 403660
2020-01-12 01:02:59,832 - INFO - 295 : child memory usage 81616
2020-01-12 01:02:59,832 - INFO - 295 : cpu time 8.736585999999999
2020-01-12 01:02:59,833 - INFO - 295 : child cpu time 0.067841
2020-01-12 01:03:09,833 - INFO - 295 : memory usage 403660
2020-01-12 01:03:09,833 - INFO - 295 : child memory usage 81616
2020-01-12 01:03:09,833 - INFO - 295 : cpu time 8.753818
2020-01-12 01:03:09,834 - INFO - 295 : child cpu time 0.067841
2020-01-12 01:03:19,834 - INFO - 295 : memory usage 403664
2020-01-12 01:03:19,834 - INFO - 295 : child memory usage 81616
2020-01-12 01:03:19,835 - INFO - 295 : cpu time 8.768727
2020-01-12 01:03:19,835 - INFO - 295 : child cpu time 0.067841
2020-01-12 01:03:29,835 - INFO - 295 : memory usage 403664
2020-01-12 01:03:29,836 - INFO - 295 : child memory usage 81616
2020-01-12 01:03:29,836 - INFO - 295 : cpu time 8.788689
2020-01-12 01:03:29,836 - INFO - 295 : child cpu time 0.067841
2020-01-12 01:03:39,837 - INFO - 295 : memory usage 403664
2020-01-12 01:03:39,837 - INFO - 295 : child memory usage 81616
2020-01-12 01:03:39,837 - INFO - 295 : cpu time 8.806434
2020-01-12 01:03:39,837 - INFO - 295 : child cpu time 0.067841
2020-01-12 01:03:49,838 - INFO - 295 : memory usage 403664
2020-01-12 01:03:49,838 - INFO - 295 : child memory usage 81616
2020-01-12 01:03:49,838 - INFO - 295 : cpu time 8.826044
2020-01-12 01:03:49,839 - INFO - 295 : child cpu time 0.067841
2020-01-12 01:03:59,839 - INFO - 295 : memory usage 403664
2020-01-12 01:03:59,839 - INFO - 295 : child memory usage 81616
2020-01-12 01:03:59,840 - INFO - 295 : cpu time 8.844899999999999
2020-01-12 01:03:59,840 - INFO - 295 : child cpu time 0.067841
2020-01-12 01:04:09,840 - INFO - 295 : memory usage 403664
2020-01-12 01:04:09,841 - INFO - 295 : child memory usage 81616
2020-01-12 01:04:09,841 - INFO - 295 : cpu time 8.887857
2020-01-12 01:04:09,841 - INFO - 295 : child cpu time 0.067841
2020-01-12 01:04:19,841 - INFO - 295 : memory usage 403664
2020-01-12 01:04:19,842 - INFO - 295 : child memory usage 81616
2020-01-12 01:04:19,842 - INFO - 295 : cpu time 8.906285
2020-01-12 01:04:19,842 - INFO - 295 : child cpu time 0.067841
2020-01-12 01:04:29,842 - INFO - 295 : memory usage 403664
2020-01-12 01:04:29,843 - INFO - 295 : child memory usage 81616
2020-01-12 01:04:29,843 - INFO - 295 : cpu time 8.922039999999999
2020-01-12 01:04:29,843 - INFO - 295 : child cpu time 0.067841
2020-01-12 01:04:39,843 - INFO - 295 : memory usage 403664
2020-01-12 01:04:39,844 - INFO - 295 : child memory usage 81616
2020-01-12 01:04:39,844 - INFO - 295 : cpu time 8.938753
2020-01-12 01:04:39,844 - INFO - 295 : child cpu time 0.067841
2020-01-12 01:04:49,844 - INFO - 295 : memory usage 403664
2020-01-12 01:04:49,845 - INFO - 295 : child memory usage 81616
2020-01-12 01:04:49,845 - INFO - 295 : cpu time 8.956724
2020-01-12 01:04:49,845 - INFO - 295 : child cpu time 0.067841
2020-01-12 01:04:59,846 - INFO - 295 : memory usage 403664
2020-01-12 01:04:59,846 - INFO - 295 : child memory usage 81616
2020-01-12 01:04:59,846 - INFO - 295 : cpu time 8.974983
2020-01-12 01:04:59,846 - INFO - 295 : child cpu time 0.067841
2020-01-12 01:05:09,847 - INFO - 295 : memory usage 403664
2020-01-12 01:05:09,847 - INFO - 295 : child memory usage 81616
2020-01-12 01:05:09,847 - INFO - 295 : cpu time 8.988848
2020-01-12 01:05:09,847 - INFO - 295 : child cpu time 0.067841
2020-01-12 01:05:19,848 - INFO - 295 : memory usage 403664
2020-01-12 01:05:19,848 - INFO - 295 : child memory usage 81616
2020-01-12 01:05:19,848 - INFO - 295 : cpu time 9.003855
2020-01-12 01:05:19,848 - INFO - 295 : child cpu time 0.067841
2020-01-12 01:05:29,849 - INFO - 295 : memory usage 403664
2020-01-12 01:05:29,849 - INFO - 295 : child memory usage 81616
2020-01-12 01:05:29,849 - INFO - 295 : cpu time 9.01798
2020-01-12 01:05:29,849 - INFO - 295 : child cpu time 0.067841
2020-01-12 01:05:39,850 - INFO - 295 : memory usage 403664
2020-01-12 01:05:39,850 - INFO - 295 : child memory usage 81616
2020-01-12 01:05:39,851 - INFO - 295 : cpu time 9.031342
2020-01-12 01:05:39,851 - INFO - 295 : child cpu time 0.067841
2020-01-12 01:05:49,851 - INFO - 295 : memory usage 403804
2020-01-12 01:05:49,851 - INFO - 295 : child memory usage 81616
2020-01-12 01:05:49,852 - INFO - 295 : cpu time 9.072347
2020-01-12 01:05:49,852 - INFO - 295 : child cpu time 0.067841
2020-01-12 01:05:59,852 - INFO - 295 : memory usage 403804
2020-01-12 01:05:59,852 - INFO - 295 : child memory usage 81616
2020-01-12 01:05:59,853 - INFO - 295 : cpu time 9.089531
2020-01-12 01:05:59,853 - INFO - 295 : child cpu time 0.067841
2020-01-12 01:06:09,853 - INFO - 295 : memory usage 403804
2020-01-12 01:06:09,853 - INFO - 295 : child memory usage 81616
2020-01-12 01:06:09,854 - INFO - 295 : cpu time 9.106078
2020-01-12 01:06:09,854 - INFO - 295 : child cpu time 0.067841
2020-01-12 01:06:19,854 - INFO - 295 : memory usage 403804
2020-01-12 01:06:19,854 - INFO - 295 : child memory usage 81616
2020-01-12 01:06:19,855 - INFO - 295 : cpu time 9.122831
2020-01-12 01:06:19,855 - INFO - 295 : child cpu time 0.067841
2020-01-12 01:06:29,855 - INFO - 295 : memory usage 403804
2020-01-12 01:06:29,856 - INFO - 295 : child memory usage 81616
2020-01-12 01:06:29,856 - INFO - 295 : cpu time 9.138111
2020-01-12 01:06:29,856 - INFO - 295 : child cpu time 0.067841
2020-01-12 01:06:39,856 - INFO - 295 : memory usage 403804
2020-01-12 01:06:39,857 - INFO - 295 : child memory usage 81616
2020-01-12 01:06:39,857 - INFO - 295 : cpu time 9.156533
2020-01-12 01:06:39,857 - INFO - 295 : child cpu time 0.067841
2020-01-12 01:06:49,857 - INFO - 295 : memory usage 403804
2020-01-12 01:06:49,858 - INFO - 295 : child memory usage 81616
2020-01-12 01:06:49,858 - INFO - 295 : cpu time 9.174736
2020-01-12 01:06:49,858 - INFO - 295 : child cpu time 0.067841
2020-01-12 01:06:59,858 - INFO - 295 : memory usage 403804
2020-01-12 01:06:59,859 - INFO - 295 : child memory usage 81616
2020-01-12 01:06:59,859 - INFO - 295 : cpu time 9.191794
2020-01-12 01:06:59,859 - INFO - 295 : child cpu time 0.067841
2020-01-12 01:07:09,860 - INFO - 295 : memory usage 403804
2020-01-12 01:07:09,860 - INFO - 295 : child memory usage 81616
2020-01-12 01:07:09,860 - INFO - 295 : cpu time 9.199969
2020-01-12 01:07:09,860 - INFO - 295 : child cpu time 0.067841
2020-01-12 01:07:19,861 - INFO - 295 : memory usage 403804
2020-01-12 01:07:19,861 - INFO - 295 : child memory usage 81616
2020-01-12 01:07:19,861 - INFO - 295 : cpu time 9.217617
2020-01-12 01:07:19,861 - INFO - 295 : child cpu time 0.067841
2020-01-12 01:07:29,862 - INFO - 295 : memory usage 403804
2020-01-12 01:07:29,862 - INFO - 295 : child memory usage 81616
2020-01-12 01:07:29,862 - INFO - 295 : cpu time 9.236878
2020-01-12 01:07:29,862 - INFO - 295 : child cpu time 0.067841
2020-01-12 01:07:39,863 - INFO - 295 : memory usage 403944
2020-01-12 01:07:39,863 - INFO - 295 : child memory usage 81616
2020-01-12 01:07:39,863 - INFO - 295 : cpu time 9.278705
2020-01-12 01:07:39,864 - INFO - 295 : child cpu time 0.067841
2020-01-12 01:07:49,864 - INFO - 295 : memory usage 403944
2020-01-12 01:07:49,864 - INFO - 295 : child memory usage 81616
2020-01-12 01:07:49,864 - INFO - 295 : cpu time 9.296944
2020-01-12 01:07:49,865 - INFO - 295 : child cpu time 0.067841
2020-01-12 01:07:59,865 - INFO - 295 : memory usage 403944
2020-01-12 01:07:59,865 - INFO - 295 : child memory usage 81616
2020-01-12 01:07:59,865 - INFO - 295 : cpu time 9.315001
2020-01-12 01:07:59,866 - INFO - 295 : child cpu time 0.067841
2020-01-12 01:08:09,866 - INFO - 295 : memory usage 403944
2020-01-12 01:08:09,866 - INFO - 295 : child memory usage 81616
2020-01-12 01:08:09,867 - INFO - 295 : cpu time 9.328181
2020-01-12 01:08:09,867 - INFO - 295 : child cpu time 0.067841
2020-01-12 01:08:19,867 - INFO - 295 : memory usage 403944
2020-01-12 01:08:19,868 - INFO - 295 : child memory usage 81616
2020-01-12 01:08:19,868 - INFO - 295 : cpu time 9.34542
2020-01-12 01:08:19,868 - INFO - 295 : child cpu time 0.067841
2020-01-12 01:08:29,868 - INFO - 295 : memory usage 403944
2020-01-12 01:08:29,869 - INFO - 295 : child memory usage 81616
2020-01-12 01:08:29,869 - INFO - 295 : cpu time 9.359956
2020-01-12 01:08:29,869 - INFO - 295 : child cpu time 0.067841
2020-01-12 01:08:39,870 - INFO - 295 : memory usage 403944
2020-01-12 01:08:39,870 - INFO - 295 : child memory usage 81616
2020-01-12 01:08:39,870 - INFO - 295 : cpu time 9.377402
2020-01-12 01:08:39,870 - INFO - 295 : child cpu time 0.067841
2020-01-12 01:08:49,871 - INFO - 295 : memory usage 403944
2020-01-12 01:08:49,871 - INFO - 295 : child memory usage 81616
2020-01-12 01:08:49,871 - INFO - 295 : cpu time 9.395401
2020-01-12 01:08:49,871 - INFO - 295 : child cpu time 0.067841
2020-01-12 01:08:59,872 - INFO - 295 : memory usage 403944
2020-01-12 01:08:59,872 - INFO - 295 : child memory usage 81616
2020-01-12 01:08:59,872 - INFO - 295 : cpu time 9.413525
2020-01-12 01:08:59,872 - INFO - 295 : child cpu time 0.067841
2020-01-12 01:09:09,873 - INFO - 295 : memory usage 403944
2020-01-12 01:09:09,873 - INFO - 295 : child memory usage 81616
2020-01-12 01:09:09,873 - INFO - 295 : cpu time 9.426739
2020-01-12 01:09:09,873 - INFO - 295 : child cpu time 0.067841
2020-01-12 01:09:19,874 - INFO - 295 : memory usage 403944
2020-01-12 01:09:19,874 - INFO - 295 : child memory usage 81616
2020-01-12 01:09:19,874 - INFO - 295 : cpu time 9.471598
2020-01-12 01:09:19,874 - INFO - 295 : child cpu time 0.067841
2020-01-12 01:09:29,875 - INFO - 295 : memory usage 403944
2020-01-12 01:09:29,875 - INFO - 295 : child memory usage 81616
2020-01-12 01:09:29,875 - INFO - 295 : cpu time 9.489707
2020-01-12 01:09:29,875 - INFO - 295 : child cpu time 0.067841
2020-01-12 01:09:39,876 - INFO - 295 : memory usage 403944
2020-01-12 01:09:39,876 - INFO - 295 : child memory usage 81616
2020-01-12 01:09:39,876 - INFO - 295 : cpu time 9.509192
2020-01-12 01:09:39,876 - INFO - 295 : child cpu time 0.067841
2020-01-12 01:09:49,877 - INFO - 295 : memory usage 403944
2020-01-12 01:09:49,877 - INFO - 295 : child memory usage 81616
2020-01-12 01:09:49,877 - INFO - 295 : cpu time 9.525083
2020-01-12 01:09:49,877 - INFO - 295 : child cpu time 0.067841
2020-01-12 01:09:59,878 - INFO - 295 : memory usage 403944
2020-01-12 01:09:59,878 - INFO - 295 : child memory usage 81616
2020-01-12 01:09:59,878 - INFO - 295 : cpu time 9.541947
2020-01-12 01:09:59,878 - INFO - 295 : child cpu time 0.067841
2020-01-12 01:10:09,879 - INFO - 295 : memory usage 403944
2020-01-12 01:10:09,879 - INFO - 295 : child memory usage 81616
2020-01-12 01:10:09,879 - INFO - 295 : cpu time 9.557529
2020-01-12 01:10:09,879 - INFO - 295 : child cpu time 0.067841
2020-01-12 01:10:19,880 - INFO - 295 : memory usage 403944
2020-01-12 01:10:19,880 - INFO - 295 : child memory usage 81616
2020-01-12 01:10:19,880 - INFO - 295 : cpu time 9.575837
2020-01-12 01:10:19,880 - INFO - 295 : child cpu time 0.067841
2020-01-12 01:10:29,881 - INFO - 295 : memory usage 403944
2020-01-12 01:10:29,881 - INFO - 295 : child memory usage 81616
2020-01-12 01:10:29,881 - INFO - 295 : cpu time 9.594636
2020-01-12 01:10:29,881 - INFO - 295 : child cpu time 0.067841
2020-01-12 01:10:39,882 - INFO - 295 : memory usage 403944
2020-01-12 01:10:39,882 - INFO - 295 : child memory usage 81616
2020-01-12 01:10:39,882 - INFO - 295 : cpu time 9.609198
2020-01-12 01:10:39,882 - INFO - 295 : child cpu time 0.067841
2020-01-12 01:10:49,883 - INFO - 295 : memory usage 403944
2020-01-12 01:10:49,883 - INFO - 295 : child memory usage 81616
2020-01-12 01:10:49,883 - INFO - 295 : cpu time 9.627229
2020-01-12 01:10:49,883 - INFO - 295 : child cpu time 0.067841
2020-01-12 01:10:59,884 - INFO - 295 : memory usage 403944
2020-01-12 01:10:59,884 - INFO - 295 : child memory usage 81616
2020-01-12 01:10:59,884 - INFO - 295 : cpu time 9.642685
2020-01-12 01:10:59,885 - INFO - 295 : child cpu time 0.067841
2020-01-12 01:11:09,885 - INFO - 295 : memory usage 403944
2020-01-12 01:11:09,885 - INFO - 295 : child memory usage 81616
2020-01-12 01:11:09,885 - INFO - 295 : cpu time 9.682262
2020-01-12 01:11:09,886 - INFO - 295 : child cpu time 0.067841
2020-01-12 01:11:19,886 - INFO - 295 : memory usage 403944
2020-01-12 01:11:19,886 - INFO - 295 : child memory usage 81616
2020-01-12 01:11:19,887 - INFO - 295 : cpu time 9.699799
2020-01-12 01:11:19,887 - INFO - 295 : child cpu time 0.067841
2020-01-12 01:11:29,887 - INFO - 295 : memory usage 403944
2020-01-12 01:11:29,888 - INFO - 295 : child memory usage 81616
2020-01-12 01:11:29,888 - INFO - 295 : cpu time 9.717081
2020-01-12 01:11:29,888 - INFO - 295 : child cpu time 0.067841
2020-01-12 01:11:39,888 - INFO - 295 : memory usage 403944
2020-01-12 01:11:39,889 - INFO - 295 : child memory usage 81616
2020-01-12 01:11:39,889 - INFO - 295 : cpu time 9.735667
2020-01-12 01:11:39,889 - INFO - 295 : child cpu time 0.067841
2020-01-12 01:11:49,889 - INFO - 295 : memory usage 403944
2020-01-12 01:11:49,890 - INFO - 295 : child memory usage 81616
2020-01-12 01:11:49,890 - INFO - 295 : cpu time 9.752653
2020-01-12 01:11:49,890 - INFO - 295 : child cpu time 0.067841
2020-01-12 01:11:59,890 - INFO - 295 : memory usage 403944
2020-01-12 01:11:59,891 - INFO - 295 : child memory usage 81616
2020-01-12 01:11:59,891 - INFO - 295 : cpu time 9.771995
2020-01-12 01:11:59,891 - INFO - 295 : child cpu time 0.067841
2020-01-12 01:12:09,891 - INFO - 295 : memory usage 403944
2020-01-12 01:12:09,892 - INFO - 295 : child memory usage 81616
2020-01-12 01:12:09,892 - INFO - 295 : cpu time 9.791547
2020-01-12 01:12:09,892 - INFO - 295 : child cpu time 0.067841
2020-01-12 01:12:19,893 - INFO - 295 : memory usage 403944
2020-01-12 01:12:19,893 - INFO - 295 : child memory usage 81616
2020-01-12 01:12:19,893 - INFO - 295 : cpu time 9.811228
2020-01-12 01:12:19,893 - INFO - 295 : child cpu time 0.067841
2020-01-12 01:12:29,894 - INFO - 295 : memory usage 403944
2020-01-12 01:12:29,894 - INFO - 295 : child memory usage 81616
2020-01-12 01:12:29,894 - INFO - 295 : cpu time 9.829563
2020-01-12 01:12:29,894 - INFO - 295 : child cpu time 0.067841
2020-01-12 01:12:39,895 - INFO - 295 : memory usage 403944
2020-01-12 01:12:39,895 - INFO - 295 : child memory usage 81616
2020-01-12 01:12:39,895 - INFO - 295 : cpu time 9.846842
2020-01-12 01:12:39,895 - INFO - 295 : child cpu time 0.067841
2020-01-12 01:12:49,896 - INFO - 295 : memory usage 403944
2020-01-12 01:12:49,896 - INFO - 295 : child memory usage 81616
2020-01-12 01:12:49,896 - INFO - 295 : cpu time 9.863564
2020-01-12 01:12:49,896 - INFO - 295 : child cpu time 0.067841
2020-01-12 01:12:59,897 - INFO - 295 : memory usage 403944
2020-01-12 01:12:59,897 - INFO - 295 : child memory usage 81616
2020-01-12 01:12:59,897 - INFO - 295 : cpu time 9.879252
2020-01-12 01:12:59,898 - INFO - 295 : child cpu time 0.067841
2020-01-12 01:13:09,898 - INFO - 295 : memory usage 403944
2020-01-12 01:13:09,898 - INFO - 295 : child memory usage 81616
2020-01-12 01:13:09,899 - INFO - 295 : cpu time 9.901757
2020-01-12 01:13:09,899 - INFO - 295 : child cpu time 0.067841
2020-01-12 01:13:19,899 - INFO - 295 : memory usage 403944
2020-01-12 01:13:19,900 - INFO - 295 : child memory usage 81616
2020-01-12 01:13:19,900 - INFO - 295 : cpu time 9.91321
2020-01-12 01:13:19,900 - INFO - 295 : child cpu time 0.067841
2020-01-12 01:13:29,900 - INFO - 295 : memory usage 403944
2020-01-12 01:13:29,900 - INFO - 295 : child memory usage 81616
2020-01-12 01:13:29,901 - INFO - 295 : cpu time 9.926935
2020-01-12 01:13:29,901 - INFO - 295 : child cpu time 0.067841
2020-01-12 01:13:39,901 - INFO - 295 : memory usage 403944
2020-01-12 01:13:39,901 - INFO - 295 : child memory usage 81616
2020-01-12 01:13:39,902 - INFO - 295 : cpu time 9.937856
2020-01-12 01:13:39,902 - INFO - 295 : child cpu time 0.067841
2020-01-12 01:13:49,902 - INFO - 295 : memory usage 403944
2020-01-12 01:13:49,902 - INFO - 295 : child memory usage 81616
2020-01-12 01:13:49,903 - INFO - 295 : cpu time 9.943412
2020-01-12 01:13:49,903 - INFO - 295 : child cpu time 0.067841
2020-01-12 01:13:59,903 - INFO - 295 : memory usage 403944
2020-01-12 01:13:59,904 - INFO - 295 : child memory usage 81616
2020-01-12 01:13:59,904 - INFO - 295 : cpu time 9.96179
2020-01-12 01:13:59,904 - INFO - 295 : child cpu time 0.067841
2020-01-12 01:14:09,904 - INFO - 295 : memory usage 403944
2020-01-12 01:14:09,905 - INFO - 295 : child memory usage 81616
2020-01-12 01:14:09,905 - INFO - 295 : cpu time 9.980209
2020-01-12 01:14:09,905 - INFO - 295 : child cpu time 0.067841
2020-01-12 01:14:19,906 - INFO - 295 : memory usage 403944
2020-01-12 01:14:19,906 - INFO - 295 : child memory usage 81616
2020-01-12 01:14:19,906 - INFO - 295 : cpu time 9.998
2020-01-12 01:14:19,906 - INFO - 295 : child cpu time 0.067841
2020-01-12 01:14:29,907 - INFO - 295 : memory usage 403944
2020-01-12 01:14:29,907 - INFO - 295 : child memory usage 81616
2020-01-12 01:14:29,908 - INFO - 295 : cpu time 10.033025
2020-01-12 01:14:29,908 - INFO - 295 : child cpu time 0.067841
2020-01-12 01:14:39,908 - INFO - 295 : memory usage 403944
2020-01-12 01:14:39,908 - INFO - 295 : child memory usage 81616
2020-01-12 01:14:39,909 - INFO - 295 : cpu time 10.050886
2020-01-12 01:14:39,909 - INFO - 295 : child cpu time 0.067841
2020-01-12 01:14:49,909 - INFO - 295 : memory usage 403944
2020-01-12 01:14:49,910 - INFO - 295 : child memory usage 81616
2020-01-12 01:14:49,910 - INFO - 295 : cpu time 10.065529
2020-01-12 01:14:49,910 - INFO - 295 : child cpu time 0.067841
2020-01-12 01:14:59,910 - INFO - 295 : memory usage 403944
2020-01-12 01:14:59,911 - INFO - 295 : child memory usage 81616
2020-01-12 01:14:59,911 - INFO - 295 : cpu time 10.085837
2020-01-12 01:14:59,911 - INFO - 295 : child cpu time 0.067841
2020-01-12 01:15:09,912 - INFO - 295 : memory usage 403944
2020-01-12 01:15:09,912 - INFO - 295 : child memory usage 81616
2020-01-12 01:15:09,912 - INFO - 295 : cpu time 10.104031
2020-01-12 01:15:09,912 - INFO - 295 : child cpu time 0.067841
2020-01-12 01:15:19,913 - INFO - 295 : memory usage 403944
2020-01-12 01:15:19,913 - INFO - 295 : child memory usage 81616
2020-01-12 01:15:19,913 - INFO - 295 : cpu time 10.122012
2020-01-12 01:15:19,913 - INFO - 295 : child cpu time 0.067841
2020-01-12 01:15:29,914 - INFO - 295 : memory usage 403944
2020-01-12 01:15:29,914 - INFO - 295 : child memory usage 81616
2020-01-12 01:15:29,914 - INFO - 295 : cpu time 10.138824
2020-01-12 01:15:29,914 - INFO - 295 : child cpu time 0.067841
2020-01-12 01:15:39,915 - INFO - 295 : memory usage 403944
2020-01-12 01:15:39,915 - INFO - 295 : child memory usage 81616
2020-01-12 01:15:39,915 - INFO - 295 : cpu time 10.157659
2020-01-12 01:15:39,916 - INFO - 295 : child cpu time 0.067841
2020-01-12 01:15:49,916 - INFO - 295 : memory usage 403944
2020-01-12 01:15:49,917 - INFO - 295 : child memory usage 81616
2020-01-12 01:15:49,917 - INFO - 295 : cpu time 10.176358
2020-01-12 01:15:49,917 - INFO - 295 : child cpu time 0.067841
2020-01-12 01:15:59,917 - INFO - 295 : memory usage 403944
2020-01-12 01:15:59,918 - INFO - 295 : child memory usage 81616
2020-01-12 01:15:59,918 - INFO - 295 : cpu time 10.195615
2020-01-12 01:15:59,918 - INFO - 295 : child cpu time 0.067841
2020-01-12 01:16:09,919 - INFO - 295 : memory usage 403944
2020-01-12 01:16:09,919 - INFO - 295 : child memory usage 81616
2020-01-12 01:16:09,919 - INFO - 295 : cpu time 10.234908
2020-01-12 01:16:09,919 - INFO - 295 : child cpu time 0.067841
2020-01-12 01:16:19,920 - INFO - 295 : memory usage 403944
2020-01-12 01:16:19,920 - INFO - 295 : child memory usage 81616
2020-01-12 01:16:19,920 - INFO - 295 : cpu time 10.248644
2020-01-12 01:16:19,920 - INFO - 295 : child cpu time 0.067841
2020-01-12 01:16:29,921 - INFO - 295 : memory usage 403944
2020-01-12 01:16:29,921 - INFO - 295 : child memory usage 81616
2020-01-12 01:16:29,921 - INFO - 295 : cpu time 10.267537
2020-01-12 01:16:29,921 - INFO - 295 : child cpu time 0.067841
2020-01-12 01:16:39,922 - INFO - 295 : memory usage 403944
2020-01-12 01:16:39,922 - INFO - 295 : child memory usage 81616
2020-01-12 01:16:39,922 - INFO - 295 : cpu time 10.287231
2020-01-12 01:16:39,923 - INFO - 295 : child cpu time 0.067841
2020-01-12 01:16:49,923 - INFO - 295 : memory usage 403944
2020-01-12 01:16:49,923 - INFO - 295 : child memory usage 81616
2020-01-12 01:16:49,923 - INFO - 295 : cpu time 10.306132
2020-01-12 01:16:49,924 - INFO - 295 : child cpu time 0.067841
2020-01-12 01:16:59,924 - INFO - 295 : memory usage 403944
2020-01-12 01:16:59,924 - INFO - 295 : child memory usage 81616
2020-01-12 01:16:59,925 - INFO - 295 : cpu time 10.321276
2020-01-12 01:16:59,925 - INFO - 295 : child cpu time 0.067841
2020-01-12 01:17:09,925 - INFO - 295 : memory usage 403944
2020-01-12 01:17:09,925 - INFO - 295 : child memory usage 81616
2020-01-12 01:17:09,926 - INFO - 295 : cpu time 10.338793
2020-01-12 01:17:09,926 - INFO - 295 : child cpu time 0.067841
2020-01-12 01:17:19,926 - INFO - 295 : memory usage 403944
2020-01-12 01:17:19,927 - INFO - 295 : child memory usage 81616
2020-01-12 01:17:19,927 - INFO - 295 : cpu time 10.357198
2020-01-12 01:17:19,927 - INFO - 295 : child cpu time 0.067841
2020-01-12 01:17:29,928 - INFO - 295 : memory usage 403944
2020-01-12 01:17:29,928 - INFO - 295 : child memory usage 81616
2020-01-12 01:17:29,928 - INFO - 295 : cpu time 10.375977
2020-01-12 01:17:29,928 - INFO - 295 : child cpu time 0.067841
2020-01-12 01:17:39,929 - INFO - 295 : memory usage 403944
2020-01-12 01:17:39,929 - INFO - 295 : child memory usage 81616
2020-01-12 01:17:39,929 - INFO - 295 : cpu time 10.394066
2020-01-12 01:17:39,929 - INFO - 295 : child cpu time 0.067841
2020-01-12 01:17:49,930 - INFO - 295 : memory usage 403944
2020-01-12 01:17:49,930 - INFO - 295 : child memory usage 81616
2020-01-12 01:17:49,930 - INFO - 295 : cpu time 10.413233
2020-01-12 01:17:49,931 - INFO - 295 : child cpu time 0.067841
2020-01-12 01:17:59,931 - INFO - 295 : memory usage 403944
2020-01-12 01:17:59,931 - INFO - 295 : child memory usage 81616
2020-01-12 01:17:59,932 - INFO - 295 : cpu time 10.456893
2020-01-12 01:17:59,932 - INFO - 295 : child cpu time 0.067841
2020-01-12 01:18:09,932 - INFO - 295 : memory usage 403944
2020-01-12 01:18:09,933 - INFO - 295 : child memory usage 81616
2020-01-12 01:18:09,933 - INFO - 295 : cpu time 10.474593
2020-01-12 01:18:09,933 - INFO - 295 : child cpu time 0.067841
2020-01-12 01:18:19,934 - INFO - 295 : memory usage 403944
2020-01-12 01:18:19,934 - INFO - 295 : child memory usage 81616
2020-01-12 01:18:19,934 - INFO - 295 : cpu time 10.492528
2020-01-12 01:18:19,934 - INFO - 295 : child cpu time 0.067841
2020-01-12 01:18:29,935 - INFO - 295 : memory usage 403944
2020-01-12 01:18:29,935 - INFO - 295 : child memory usage 81616
2020-01-12 01:18:29,936 - INFO - 295 : cpu time 10.510652
2020-01-12 01:18:29,936 - INFO - 295 : child cpu time 0.067841
2020-01-12 01:18:39,936 - INFO - 295 : memory usage 403944
2020-01-12 01:18:39,937 - INFO - 295 : child memory usage 81616
2020-01-12 01:18:39,937 - INFO - 295 : cpu time 10.529154
2020-01-12 01:18:39,937 - INFO - 295 : child cpu time 0.067841
2020-01-12 01:18:49,937 - INFO - 295 : memory usage 403944
2020-01-12 01:18:49,938 - INFO - 295 : child memory usage 81616
2020-01-12 01:18:49,938 - INFO - 295 : cpu time 10.545188
2020-01-12 01:18:49,938 - INFO - 295 : child cpu time 0.067841
2020-01-12 01:18:59,939 - INFO - 295 : memory usage 403944
2020-01-12 01:18:59,939 - INFO - 295 : child memory usage 81616
2020-01-12 01:18:59,939 - INFO - 295 : cpu time 10.565026
2020-01-12 01:18:59,939 - INFO - 295 : child cpu time 0.067841
2020-01-12 01:19:09,940 - INFO - 295 : memory usage 403944
2020-01-12 01:19:09,940 - INFO - 295 : child memory usage 81616
2020-01-12 01:19:09,940 - INFO - 295 : cpu time 10.583327
2020-01-12 01:19:09,941 - INFO - 295 : child cpu time 0.067841
2020-01-12 01:19:19,941 - INFO - 295 : memory usage 403944
2020-01-12 01:19:19,941 - INFO - 295 : child memory usage 81616
2020-01-12 01:19:19,942 - INFO - 295 : cpu time 10.599177
2020-01-12 01:19:19,942 - INFO - 295 : child cpu time 0.067841
2020-01-12 01:19:29,943 - INFO - 295 : memory usage 403944
2020-01-12 01:19:29,943 - INFO - 295 : child memory usage 81616
2020-01-12 01:19:29,943 - INFO - 295 : cpu time 10.61821
2020-01-12 01:19:29,943 - INFO - 295 : child cpu time 0.067841
2020-01-12 01:19:39,944 - INFO - 295 : memory usage 403944
2020-01-12 01:19:39,944 - INFO - 295 : child memory usage 81616
2020-01-12 01:19:39,944 - INFO - 295 : cpu time 10.661777
2020-01-12 01:19:39,944 - INFO - 295 : child cpu time 0.067841
2020-01-12 01:19:49,945 - INFO - 295 : memory usage 403944
2020-01-12 01:19:49,945 - INFO - 295 : child memory usage 81616
2020-01-12 01:19:49,945 - INFO - 295 : cpu time 10.681514
2020-01-12 01:19:49,945 - INFO - 295 : child cpu time 0.067841
2020-01-12 01:19:59,946 - INFO - 295 : memory usage 403944
2020-01-12 01:19:59,946 - INFO - 295 : child memory usage 81616
2020-01-12 01:19:59,946 - INFO - 295 : cpu time 10.700361000000001
2020-01-12 01:19:59,946 - INFO - 295 : child cpu time 0.067841
2020-01-12 01:20:09,947 - INFO - 295 : memory usage 403944
2020-01-12 01:20:09,947 - INFO - 295 : child memory usage 81616
2020-01-12 01:20:09,947 - INFO - 295 : cpu time 10.718016
2020-01-12 01:20:09,947 - INFO - 295 : child cpu time 0.067841
2020-01-12 01:20:19,948 - INFO - 295 : memory usage 403944
2020-01-12 01:20:19,948 - INFO - 295 : child memory usage 81616
2020-01-12 01:20:19,948 - INFO - 295 : cpu time 10.732662
2020-01-12 01:20:19,948 - INFO - 295 : child cpu time 0.067841
2020-01-12 01:20:29,949 - INFO - 295 : memory usage 403944
2020-01-12 01:20:29,949 - INFO - 295 : child memory usage 81616
2020-01-12 01:20:29,949 - INFO - 295 : cpu time 10.75179
2020-01-12 01:20:29,949 - INFO - 295 : child cpu time 0.067841
2020-01-12 01:20:39,950 - INFO - 295 : memory usage 403944
2020-01-12 01:20:39,950 - INFO - 295 : child memory usage 81616
2020-01-12 01:20:39,951 - INFO - 295 : cpu time 10.772697
2020-01-12 01:20:39,951 - INFO - 295 : child cpu time 0.067841
2020-01-12 01:20:49,951 - INFO - 295 : memory usage 403944
2020-01-12 01:20:49,951 - INFO - 295 : child memory usage 81616
2020-01-12 01:20:49,952 - INFO - 295 : cpu time 10.791373
2020-01-12 01:20:49,952 - INFO - 295 : child cpu time 0.067841
2020-01-12 01:20:59,952 - INFO - 295 : memory usage 403944
2020-01-12 01:20:59,953 - INFO - 295 : child memory usage 81616
2020-01-12 01:20:59,953 - INFO - 295 : cpu time 10.806644
2020-01-12 01:20:59,953 - INFO - 295 : child cpu time 0.067841
2020-01-12 01:21:09,954 - INFO - 295 : memory usage 403944
2020-01-12 01:21:09,954 - INFO - 295 : child memory usage 81616
2020-01-12 01:21:09,954 - INFO - 295 : cpu time 10.824535000000001
2020-01-12 01:21:09,954 - INFO - 295 : child cpu time 0.067841
2020-01-12 01:21:19,955 - INFO - 295 : memory usage 403944
2020-01-12 01:21:19,955 - INFO - 295 : child memory usage 81616
2020-01-12 01:21:19,955 - INFO - 295 : cpu time 10.837112
2020-01-12 01:21:19,955 - INFO - 295 : child cpu time 0.067841
2020-01-12 01:21:29,956 - INFO - 295 : memory usage 403944
2020-01-12 01:21:29,956 - INFO - 295 : child memory usage 81616
2020-01-12 01:21:29,956 - INFO - 295 : cpu time 10.880815
2020-01-12 01:21:29,956 - INFO - 295 : child cpu time 0.067841
2020-01-12 01:21:39,957 - INFO - 295 : memory usage 403944
2020-01-12 01:21:39,957 - INFO - 295 : child memory usage 81616
2020-01-12 01:21:39,957 - INFO - 295 : cpu time 10.898942
2020-01-12 01:21:39,957 - INFO - 295 : child cpu time 0.067841
2020-01-12 01:21:49,958 - INFO - 295 : memory usage 403944
2020-01-12 01:21:49,958 - INFO - 295 : child memory usage 81616
2020-01-12 01:21:49,958 - INFO - 295 : cpu time 10.916159
2020-01-12 01:21:49,959 - INFO - 295 : child cpu time 0.067841
2020-01-12 01:21:59,959 - INFO - 295 : memory usage 403944
2020-01-12 01:21:59,959 - INFO - 295 : child memory usage 81616
2020-01-12 01:21:59,960 - INFO - 295 : cpu time 10.926659
2020-01-12 01:21:59,960 - INFO - 295 : child cpu time 0.067841
2020-01-12 01:22:09,960 - INFO - 295 : memory usage 403944
2020-01-12 01:22:09,960 - INFO - 295 : child memory usage 81616
2020-01-12 01:22:09,961 - INFO - 295 : cpu time 10.941134
2020-01-12 01:22:09,961 - INFO - 295 : child cpu time 0.067841
2020-01-12 01:22:19,961 - INFO - 295 : memory usage 403944
2020-01-12 01:22:19,962 - INFO - 295 : child memory usage 81616
2020-01-12 01:22:19,962 - INFO - 295 : cpu time 10.958773
2020-01-12 01:22:19,962 - INFO - 295 : child cpu time 0.067841
2020-01-12 01:22:29,962 - INFO - 295 : memory usage 403944
2020-01-12 01:22:29,963 - INFO - 295 : child memory usage 81616
2020-01-12 01:22:29,963 - INFO - 295 : cpu time 10.977469
2020-01-12 01:22:29,963 - INFO - 295 : child cpu time 0.067841
2020-01-12 01:22:39,963 - INFO - 295 : memory usage 403944
2020-01-12 01:22:39,964 - INFO - 295 : child memory usage 81616
2020-01-12 01:22:39,964 - INFO - 295 : cpu time 10.997142
2020-01-12 01:22:39,964 - INFO - 295 : child cpu time 0.067841
2020-01-12 01:22:49,965 - INFO - 295 : memory usage 403944
2020-01-12 01:22:49,965 - INFO - 295 : child memory usage 81616
2020-01-12 01:22:49,965 - INFO - 295 : cpu time 11.011907
2020-01-12 01:22:49,965 - INFO - 295 : child cpu time 0.067841
2020-01-12 01:22:59,966 - INFO - 295 : memory usage 403944
2020-01-12 01:22:59,966 - INFO - 295 : child memory usage 81616
2020-01-12 01:22:59,966 - INFO - 295 : cpu time 11.022901
2020-01-12 01:22:59,966 - INFO - 295 : child cpu time 0.067841
2020-01-12 01:23:09,967 - INFO - 295 : memory usage 403944
2020-01-12 01:23:09,967 - INFO - 295 : child memory usage 81616
2020-01-12 01:23:09,967 - INFO - 295 : cpu time 11.041656
2020-01-12 01:23:09,967 - INFO - 295 : child cpu time 0.067841
2020-01-12 01:23:19,968 - INFO - 295 : memory usage 403944
2020-01-12 01:23:19,968 - INFO - 295 : child memory usage 81616
2020-01-12 01:23:19,968 - INFO - 295 : cpu time 11.085983
2020-01-12 01:23:19,968 - INFO - 295 : child cpu time 0.067841
2020-01-12 01:23:29,969 - INFO - 295 : memory usage 403944
2020-01-12 01:23:29,969 - INFO - 295 : child memory usage 81616
2020-01-12 01:23:29,969 - INFO - 295 : cpu time 11.104213
2020-01-12 01:23:29,969 - INFO - 295 : child cpu time 0.067841
2020-01-12 01:23:39,970 - INFO - 295 : memory usage 403944
2020-01-12 01:23:39,970 - INFO - 295 : child memory usage 81616
2020-01-12 01:23:39,971 - INFO - 295 : cpu time 11.11946
2020-01-12 01:23:39,971 - INFO - 295 : child cpu time 0.067841
2020-01-12 01:23:49,971 - INFO - 295 : memory usage 403944
2020-01-12 01:23:49,972 - INFO - 295 : child memory usage 81616
2020-01-12 01:23:49,972 - INFO - 295 : cpu time 11.13496
2020-01-12 01:23:49,972 - INFO - 295 : child cpu time 0.067841
2020-01-12 01:23:59,973 - INFO - 295 : memory usage 403944
2020-01-12 01:23:59,973 - INFO - 295 : child memory usage 81616
2020-01-12 01:23:59,973 - INFO - 295 : cpu time 11.15261
2020-01-12 01:23:59,973 - INFO - 295 : child cpu time 0.067841
2020-01-12 01:24:09,974 - INFO - 295 : memory usage 403944
2020-01-12 01:24:09,974 - INFO - 295 : child memory usage 81616
2020-01-12 01:24:09,974 - INFO - 295 : cpu time 11.174235
2020-01-12 01:24:09,974 - INFO - 295 : child cpu time 0.067841
2020-01-12 01:24:19,975 - INFO - 295 : memory usage 403944
2020-01-12 01:24:19,975 - INFO - 295 : child memory usage 81616
2020-01-12 01:24:19,975 - INFO - 295 : cpu time 11.189576
2020-01-12 01:24:19,975 - INFO - 295 : child cpu time 0.067841
2020-01-12 01:24:29,976 - INFO - 295 : memory usage 404096
2020-01-12 01:24:29,976 - INFO - 295 : child memory usage 81616
2020-01-12 01:24:29,976 - INFO - 295 : cpu time 11.205948
2020-01-12 01:24:29,976 - INFO - 295 : child cpu time 0.067841
2020-01-12 01:24:39,977 - INFO - 295 : memory usage 404096
2020-01-12 01:24:39,977 - INFO - 295 : child memory usage 81616
2020-01-12 01:24:39,977 - INFO - 295 : cpu time 11.225331
2020-01-12 01:24:39,977 - INFO - 295 : child cpu time 0.067841
2020-01-12 01:24:49,978 - INFO - 295 : memory usage 404096
2020-01-12 01:24:49,978 - INFO - 295 : child memory usage 81616
2020-01-12 01:24:49,979 - INFO - 295 : cpu time 11.244041
2020-01-12 01:24:49,979 - INFO - 295 : child cpu time 0.067841
2020-01-12 01:24:59,979 - INFO - 295 : memory usage 404096
2020-01-12 01:24:59,980 - INFO - 295 : child memory usage 81616
2020-01-12 01:24:59,980 - INFO - 295 : cpu time 11.28183
2020-01-12 01:24:59,980 - INFO - 295 : child cpu time 0.067841
2020-01-12 01:25:09,980 - INFO - 295 : memory usage 404096
2020-01-12 01:25:09,981 - INFO - 295 : child memory usage 81616
2020-01-12 01:25:09,981 - INFO - 295 : cpu time 11.300882
2020-01-12 01:25:09,981 - INFO - 295 : child cpu time 0.067841
2020-01-12 01:25:19,981 - INFO - 295 : memory usage 404096
2020-01-12 01:25:19,982 - INFO - 295 : child memory usage 81616
2020-01-12 01:25:19,982 - INFO - 295 : cpu time 11.316488
2020-01-12 01:25:19,982 - INFO - 295 : child cpu time 0.067841
2020-01-12 01:25:29,982 - INFO - 295 : memory usage 404096
2020-01-12 01:25:29,983 - INFO - 295 : child memory usage 81616
2020-01-12 01:25:29,983 - INFO - 295 : cpu time 11.332473
2020-01-12 01:25:29,983 - INFO - 295 : child cpu time 0.067841
2020-01-12 01:25:39,983 - INFO - 295 : memory usage 404096
2020-01-12 01:25:39,984 - INFO - 295 : child memory usage 81616
2020-01-12 01:25:39,984 - INFO - 295 : cpu time 11.349277
2020-01-12 01:25:39,984 - INFO - 295 : child cpu time 0.067841
2020-01-12 01:25:49,985 - INFO - 295 : memory usage 404096
2020-01-12 01:25:49,985 - INFO - 295 : child memory usage 81616
2020-01-12 01:25:49,985 - INFO - 295 : cpu time 11.360813
2020-01-12 01:25:49,985 - INFO - 295 : child cpu time 0.067841
2020-01-12 01:25:59,986 - INFO - 295 : memory usage 404100
2020-01-12 01:25:59,986 - INFO - 295 : child memory usage 81616
2020-01-12 01:25:59,986 - INFO - 295 : cpu time 11.378751
2020-01-12 01:25:59,986 - INFO - 295 : child cpu time 0.067841
2020-01-12 01:26:09,987 - INFO - 295 : memory usage 404100
2020-01-12 01:26:09,987 - INFO - 295 : child memory usage 81616
2020-01-12 01:26:09,987 - INFO - 295 : cpu time 11.398586
2020-01-12 01:26:09,987 - INFO - 295 : child cpu time 0.067841
2020-01-12 01:26:19,988 - INFO - 295 : memory usage 404100
2020-01-12 01:26:19,988 - INFO - 295 : child memory usage 81616
2020-01-12 01:26:19,988 - INFO - 295 : cpu time 11.416687
2020-01-12 01:26:19,988 - INFO - 295 : child cpu time 0.067841
2020-01-12 01:26:29,989 - INFO - 295 : memory usage 404100
2020-01-12 01:26:29,989 - INFO - 295 : child memory usage 81616
2020-01-12 01:26:29,989 - INFO - 295 : cpu time 11.435383
2020-01-12 01:26:29,989 - INFO - 295 : child cpu time 0.067841
2020-01-12 01:26:39,990 - INFO - 295 : memory usage 404100
2020-01-12 01:26:39,991 - INFO - 295 : child memory usage 81616
2020-01-12 01:26:39,991 - INFO - 295 : cpu time 11.453084
2020-01-12 01:26:39,991 - INFO - 295 : child cpu time 0.067841
2020-01-12 01:26:49,991 - INFO - 295 : memory usage 404100
2020-01-12 01:26:49,992 - INFO - 295 : child memory usage 81616
2020-01-12 01:26:49,992 - INFO - 295 : cpu time 11.490624
2020-01-12 01:26:49,992 - INFO - 295 : child cpu time 0.067841
2020-01-12 01:26:59,992 - INFO - 295 : memory usage 404100
2020-01-12 01:26:59,993 - INFO - 295 : child memory usage 81616
2020-01-12 01:26:59,993 - INFO - 295 : cpu time 11.506685
2020-01-12 01:26:59,993 - INFO - 295 : child cpu time 0.067841
2020-01-12 01:27:09,993 - INFO - 295 : memory usage 404100
2020-01-12 01:27:09,994 - INFO - 295 : child memory usage 81616
2020-01-12 01:27:09,994 - INFO - 295 : cpu time 11.525268
2020-01-12 01:27:09,994 - INFO - 295 : child cpu time 0.067841
2020-01-12 01:27:19,995 - INFO - 295 : memory usage 404100
2020-01-12 01:27:19,995 - INFO - 295 : child memory usage 81616
2020-01-12 01:27:19,995 - INFO - 295 : cpu time 11.543847
2020-01-12 01:27:19,995 - INFO - 295 : child cpu time 0.067841
2020-01-12 01:27:29,996 - INFO - 295 : memory usage 404100
2020-01-12 01:27:29,996 - INFO - 295 : child memory usage 81616
2020-01-12 01:27:29,996 - INFO - 295 : cpu time 11.559169
2020-01-12 01:27:29,997 - INFO - 295 : child cpu time 0.067841
2020-01-12 01:27:39,997 - INFO - 295 : memory usage 404100
2020-01-12 01:27:39,997 - INFO - 295 : child memory usage 81616
2020-01-12 01:27:39,998 - INFO - 295 : cpu time 11.564811
2020-01-12 01:27:39,998 - INFO - 295 : child cpu time 0.067841
2020-01-12 01:27:49,998 - INFO - 295 : memory usage 404100
2020-01-12 01:27:49,999 - INFO - 295 : child memory usage 81616
2020-01-12 01:27:49,999 - INFO - 295 : cpu time 11.577647
2020-01-12 01:27:49,999 - INFO - 295 : child cpu time 0.067841
